2024-06-17T09:46:07.3919253-03:00  [INF] Now listening on: "http://localhost:5263" (d826f4b8)
2024-06-17T09:46:07.5804910-03:00  [INF] Application started. Press Ctrl+C to shut down. (dcaefe54)
2024-06-17T09:46:07.5842237-03:00  [INF] Hosting environment: "Development" (bc5a1a4e)
2024-06-17T09:46:07.5870013-03:00  [INF] Content root path: "C:\Users\USER\source\repos\ApiTF\ApiTF" (cc26f24e)
2024-06-17T09:46:08.2891504-03:00 0HN4EPDQHK7V8:00000001 [INF] Request starting "HTTP/1.1" "GET" "http"://"localhost:5263""""/swagger""" - null null (d509f86a)
2024-06-17T09:46:09.1074384-03:00 0HN4EPDQHK7V8:00000001 [INF] Request finished "HTTP/1.1" "GET" "http"://"localhost:5263""""/swagger""" - 301 0 null 829.8963ms (74253ad3)
2024-06-17T09:46:09.1126448-03:00 0HN4EPDQHK7V8:00000002 [INF] Request starting "HTTP/1.1" "GET" "http"://"localhost:5263""""/swagger/index.html""" - null null (d509f86a)
2024-06-17T09:46:09.1838455-03:00 0HN4EPDQHK7V8:00000002 [INF] Request finished "HTTP/1.1" "GET" "http"://"localhost:5263""""/swagger/index.html""" - 200 null "text/html;charset=utf-8" 71.5003ms (74253ad3)
2024-06-17T09:46:09.2100559-03:00 0HN4EPDQHK7V8:00000003 [INF] Request starting "HTTP/1.1" "GET" "http"://"localhost:5263""""/swagger/swagger-ui.css""" - null null (d509f86a)
2024-06-17T09:46:09.2138992-03:00 0HN4EPDQHK7VA:00000001 [INF] Request starting "HTTP/1.1" "GET" "http"://"localhost:5263""""/swagger/swagger-ui-bundle.js""" - null null (d509f86a)
2024-06-17T09:46:09.2182427-03:00 0HN4EPDQHK7VB:00000001 [INF] Request starting "HTTP/1.1" "GET" "http"://"localhost:5263""""/swagger/swagger-ui-standalone-preset.js""" - null null (d509f86a)
2024-06-17T09:46:09.2219006-03:00 0HN4EPDQHK7VC:00000001 [INF] Request starting "HTTP/1.1" "GET" "http"://"localhost:5263""""/_framework/aspnetcore-browser-refresh.js""" - null null (d509f86a)
2024-06-17T09:46:09.2241647-03:00 0HN4EPDQHK7VC:00000001 [INF] Request finished "HTTP/1.1" "GET" "http"://"localhost:5263""""/_framework/aspnetcore-browser-refresh.js""" - 200 13746 "application/javascript; charset=utf-8" 2.2881ms (74253ad3)
2024-06-17T09:46:09.2322691-03:00 0HN4EPDQHK7VC:00000002 [INF] Request starting "HTTP/1.1" "GET" "http"://"localhost:5263""""/_vs/browserLink""" - null null (d509f86a)
2024-06-17T09:46:09.2796227-03:00 0HN4EPDQHK7V8:00000003 [INF] Sending file. Request path: '"/swagger-ui.css"'. Physical path: '"N/A"' (27b0a520)
2024-06-17T09:46:09.2796492-03:00 0HN4EPDQHK7VB:00000001 [INF] Sending file. Request path: '"/swagger-ui-standalone-preset.js"'. Physical path: '"N/A"' (27b0a520)
2024-06-17T09:46:09.2826841-03:00 0HN4EPDQHK7VB:00000001 [INF] Request finished "HTTP/1.1" "GET" "http"://"localhost:5263""""/swagger/swagger-ui-standalone-preset.js""" - 200 339486 "text/javascript" 68.4941ms (74253ad3)
2024-06-17T09:46:09.2837708-03:00 0HN4EPDQHK7V8:00000003 [INF] Request finished "HTTP/1.1" "GET" "http"://"localhost:5263""""/swagger/swagger-ui.css""" - 200 143943 "text/css" 73.668ms (74253ad3)
2024-06-17T09:46:09.3017200-03:00 0HN4EPDQHK7VA:00000001 [INF] Sending file. Request path: '"/swagger-ui-bundle.js"'. Physical path: '"N/A"' (27b0a520)
2024-06-17T09:46:09.3030012-03:00 0HN4EPDQHK7VA:00000001 [INF] Request finished "HTTP/1.1" "GET" "http"://"localhost:5263""""/swagger/swagger-ui-bundle.js""" - 200 1096145 "text/javascript" 89.8599ms (74253ad3)
2024-06-17T09:46:09.3339459-03:00 0HN4EPDQHK7VC:00000002 [INF] Request finished "HTTP/1.1" "GET" "http"://"localhost:5263""""/_vs/browserLink""" - 200 null "text/javascript; charset=UTF-8" 101.8173ms (74253ad3)
2024-06-17T09:46:09.5552291-03:00 0HN4EPDQHK7VC:00000003 [INF] Request starting "HTTP/1.1" "GET" "http"://"localhost:5263""""/swagger/v1/swagger.json""" - null null (d509f86a)
2024-06-17T09:46:09.7384401-03:00 0HN4EPDQHK7VC:00000003 [INF] Request finished "HTTP/1.1" "GET" "http"://"localhost:5263""""/swagger/v1/swagger.json""" - 200 null "application/json;charset=utf-8" 182.6988ms (74253ad3)
2024-06-17T15:45:39.3518351-03:00  [INF] Now listening on: "http://localhost:5263" (d826f4b8)
2024-06-17T15:45:39.4327246-03:00  [INF] Application started. Press Ctrl+C to shut down. (dcaefe54)
2024-06-17T15:45:39.4358621-03:00  [INF] Hosting environment: "Development" (bc5a1a4e)
2024-06-17T15:45:39.4376709-03:00  [INF] Content root path: "C:\Users\USER\source\repos\ApiTF\ApiTF" (cc26f24e)
2024-06-17T15:45:39.9523868-03:00 0HN4EVMNIKOUL:00000001 [INF] Request starting "HTTP/1.1" "GET" "http"://"localhost:5263""""/swagger/index.html""" - null null (d509f86a)
2024-06-17T15:45:40.3458928-03:00 0HN4EVMNIKOUL:00000001 [INF] Request finished "HTTP/1.1" "GET" "http"://"localhost:5263""""/swagger/index.html""" - 200 null "text/html;charset=utf-8" 402.4912ms (74253ad3)
2024-06-17T15:45:40.3832712-03:00 0HN4EVMNIKOUM:00000001 [INF] Request starting "HTTP/1.1" "GET" "http"://"localhost:5263""""/_vs/browserLink""" - null null (d509f86a)
2024-06-17T15:45:40.3848852-03:00 0HN4EVMNIKOUL:00000002 [INF] Request starting "HTTP/1.1" "GET" "http"://"localhost:5263""""/_framework/aspnetcore-browser-refresh.js""" - null null (d509f86a)
2024-06-17T15:45:40.3875525-03:00 0HN4EVMNIKOUL:00000002 [INF] Request finished "HTTP/1.1" "GET" "http"://"localhost:5263""""/_framework/aspnetcore-browser-refresh.js""" - 200 13746 "application/javascript; charset=utf-8" 2.7356ms (74253ad3)
2024-06-17T15:45:40.4260178-03:00 0HN4EVMNIKOUM:00000001 [INF] Request finished "HTTP/1.1" "GET" "http"://"localhost:5263""""/_vs/browserLink""" - 200 null "text/javascript; charset=UTF-8" 42.7942ms (74253ad3)
2024-06-17T15:45:40.6118872-03:00 0HN4EVMNIKOUM:00000002 [INF] Request starting "HTTP/1.1" "GET" "http"://"localhost:5263""""/swagger/v1/swagger.json""" - null null (d509f86a)
2024-06-17T15:45:40.7578364-03:00 0HN4EVMNIKOUM:00000002 [INF] Request finished "HTTP/1.1" "GET" "http"://"localhost:5263""""/swagger/v1/swagger.json""" - 200 null "application/json;charset=utf-8" 145.9995ms (74253ad3)
2024-06-17T21:34:41.6423252-03:00  [INF] Now listening on: "http://localhost:5263" (d826f4b8)
2024-06-17T21:34:41.7686323-03:00  [INF] Application started. Press Ctrl+C to shut down. (dcaefe54)
2024-06-17T21:34:41.7859520-03:00  [INF] Hosting environment: "Development" (bc5a1a4e)
2024-06-17T21:34:41.7995406-03:00  [INF] Content root path: "C:\Users\USER\source\repos\ApiTF\ApiTF" (cc26f24e)
2024-06-17T21:34:42.0995412-03:00 0HN4F5POOROM3:00000001 [INF] Request starting "HTTP/1.1" "GET" "http"://"localhost:5263""""/swagger/index.html""" - null null (d509f86a)
2024-06-17T21:34:42.6141203-03:00 0HN4F5POOROM3:00000001 [INF] Request finished "HTTP/1.1" "GET" "http"://"localhost:5263""""/swagger/index.html""" - 200 null "text/html;charset=utf-8" 537.6331ms (74253ad3)
2024-06-17T21:34:42.6524741-03:00 0HN4F5POOROM3:00000002 [INF] Request starting "HTTP/1.1" "GET" "http"://"localhost:5263""""/_framework/aspnetcore-browser-refresh.js""" - null null (d509f86a)
2024-06-17T21:34:42.6524738-03:00 0HN4F5POOROM4:00000001 [INF] Request starting "HTTP/1.1" "GET" "http"://"localhost:5263""""/_vs/browserLink""" - null null (d509f86a)
2024-06-17T21:34:42.6554199-03:00 0HN4F5POOROM3:00000002 [INF] Request finished "HTTP/1.1" "GET" "http"://"localhost:5263""""/_framework/aspnetcore-browser-refresh.js""" - 200 13746 "application/javascript; charset=utf-8" 2.9443ms (74253ad3)
2024-06-17T21:34:42.7200686-03:00 0HN4F5POOROM4:00000001 [INF] Request finished "HTTP/1.1" "GET" "http"://"localhost:5263""""/_vs/browserLink""" - 200 null "text/javascript; charset=UTF-8" 67.8335ms (74253ad3)
2024-06-17T21:34:42.9177947-03:00 0HN4F5POOROM4:00000002 [INF] Request starting "HTTP/1.1" "GET" "http"://"localhost:5263""""/swagger/v1/swagger.json""" - null null (d509f86a)
2024-06-17T21:34:43.0682173-03:00 0HN4F5POOROM4:00000002 [INF] Request finished "HTTP/1.1" "GET" "http"://"localhost:5263""""/swagger/v1/swagger.json""" - 200 null "application/json;charset=utf-8" 150.5083ms (74253ad3)
2024-06-17T21:35:37.5334316-03:00 0HN4F5POOROM5:00000001 [INF] Request starting "HTTP/1.1" "GET" "http"://"localhost:5263""""/description/calca jeans""" - null null (d509f86a)
2024-06-17T21:35:37.5439562-03:00 0HN4F5POOROM5:00000001 [INF] Executing endpoint '"ApiTF.Controllers.ProductController.GetByDescription (ApiTF)"' (500cc934)
2024-06-17T21:35:37.5826610-03:00 0HN4F5POOROM5:00000001 [INF] Route matched with "{action = \"GetByDescription\", controller = \"Product\"}". Executing controller action with signature "Microsoft.AspNetCore.Mvc.ActionResult`1[ApiTF.BaseDados.Models.TbProduct] GetByDescription(System.String)" on controller "ApiTF.Controllers.ProductController" ("ApiTF"). (122b2fdf)
2024-06-17T21:35:40.3500241-03:00 0HN4F5POOROM5:00000001 [INF] Executed DbCommand ("82"ms) [Parameters=["@__ToUpper_0_contains='?'"], CommandType='Text', CommandTimeout='30']"
""SELECT t.id, t.barcode, t.barcodetype, t.costprice, t.description, t.price, t.stock
FROM tb_products AS t
WHERE upper(t.description) LIKE @__ToUpper_0_contains" (0723d8ff)
2024-06-17T21:35:40.5540493-03:00 0HN4F5POOROM5:00000001 [INF] Executing "NotFoundObjectResult", writing value of type '"System.String"'. (605b4265)
2024-06-17T21:35:40.5600934-03:00 0HN4F5POOROM5:00000001 [INF] Executed action "ApiTF.Controllers.ProductController.GetByDescription (ApiTF)" in 2971.8734ms (afa2e885)
2024-06-17T21:35:40.5603969-03:00 0HN4F5POOROM5:00000001 [INF] Executed endpoint '"ApiTF.Controllers.ProductController.GetByDescription (ApiTF)"' (99874f2b)
2024-06-17T21:35:40.5695248-03:00 0HN4F5POOROM5:00000001 [INF] Request finished "HTTP/1.1" "GET" "http"://"localhost:5263""""/description/calca jeans""" - 404 null "text/plain; charset=utf-8" 3037.2556ms (74253ad3)
2024-06-17T21:35:46.2683362-03:00 0HN4F5POOROM5:00000002 [INF] Request starting "HTTP/1.1" "GET" "http"://"localhost:5263""""/description/calça jeans""" - null null (d509f86a)
2024-06-17T21:35:46.2689349-03:00 0HN4F5POOROM5:00000002 [INF] Executing endpoint '"ApiTF.Controllers.ProductController.GetByDescription (ApiTF)"' (500cc934)
2024-06-17T21:35:46.2692699-03:00 0HN4F5POOROM5:00000002 [INF] Route matched with "{action = \"GetByDescription\", controller = \"Product\"}". Executing controller action with signature "Microsoft.AspNetCore.Mvc.ActionResult`1[ApiTF.BaseDados.Models.TbProduct] GetByDescription(System.String)" on controller "ApiTF.Controllers.ProductController" ("ApiTF"). (122b2fdf)
2024-06-17T21:35:46.2977829-03:00 0HN4F5POOROM5:00000002 [INF] Executed DbCommand ("3"ms) [Parameters=["@__ToUpper_0_contains='?'"], CommandType='Text', CommandTimeout='30']"
""SELECT t.id, t.barcode, t.barcodetype, t.costprice, t.description, t.price, t.stock
FROM tb_products AS t
WHERE upper(t.description) LIKE @__ToUpper_0_contains" (0723d8ff)
2024-06-17T21:35:46.3867311-03:00 0HN4F5POOROM5:00000002 [INF] Executing "OkObjectResult", writing value of type '"System.Collections.Generic.List`1[[ApiTF.BaseDados.Models.TbProduct, ApiTF, Version=1.0.0.0, Culture=neutral, PublicKeyToken=null]]"'. (605b4265)
2024-06-17T21:35:46.4140994-03:00 0HN4F5POOROM5:00000002 [INF] Executed action "ApiTF.Controllers.ProductController.GetByDescription (ApiTF)" in 144.6494ms (afa2e885)
2024-06-17T21:35:46.4142208-03:00 0HN4F5POOROM5:00000002 [INF] Executed endpoint '"ApiTF.Controllers.ProductController.GetByDescription (ApiTF)"' (99874f2b)
2024-06-17T21:35:46.4145423-03:00 0HN4F5POOROM5:00000002 [INF] Request finished "HTTP/1.1" "GET" "http"://"localhost:5263""""/description/calça jeans""" - 200 null "application/json; charset=utf-8" 146.6408ms (74253ad3)
2024-06-17T21:58:52.4590626-03:00  [INF] Now listening on: "http://localhost:5263" (d826f4b8)
2024-06-17T21:58:52.5615266-03:00  [INF] Application started. Press Ctrl+C to shut down. (dcaefe54)
2024-06-17T21:58:52.5651961-03:00  [INF] Hosting environment: "Development" (bc5a1a4e)
2024-06-17T21:58:52.5676761-03:00  [INF] Content root path: "C:\Users\USER\source\repos\ApiTF\ApiTF" (cc26f24e)
2024-06-17T21:58:52.7927409-03:00 0HN4F6795KL6C:00000001 [INF] Request starting "HTTP/1.1" "GET" "http"://"localhost:5263""""/swagger/index.html""" - null null (d509f86a)
2024-06-17T21:58:53.1890579-03:00 0HN4F6795KL6C:00000001 [INF] Request finished "HTTP/1.1" "GET" "http"://"localhost:5263""""/swagger/index.html""" - 200 null "text/html;charset=utf-8" 405.1657ms (74253ad3)
2024-06-17T21:58:53.2369993-03:00 0HN4F6795KL6D:00000001 [INF] Request starting "HTTP/1.1" "GET" "http"://"localhost:5263""""/_vs/browserLink""" - null null (d509f86a)
2024-06-17T21:58:53.2378021-03:00 0HN4F6795KL6C:00000002 [INF] Request starting "HTTP/1.1" "GET" "http"://"localhost:5263""""/_framework/aspnetcore-browser-refresh.js""" - null null (d509f86a)
2024-06-17T21:58:53.2401589-03:00 0HN4F6795KL6C:00000002 [INF] Request finished "HTTP/1.1" "GET" "http"://"localhost:5263""""/_framework/aspnetcore-browser-refresh.js""" - 200 13746 "application/javascript; charset=utf-8" 3.3684ms (74253ad3)
2024-06-17T21:58:53.2852296-03:00 0HN4F6795KL6D:00000001 [INF] Request finished "HTTP/1.1" "GET" "http"://"localhost:5263""""/_vs/browserLink""" - 200 null "text/javascript; charset=UTF-8" 48.5078ms (74253ad3)
2024-06-17T21:58:53.4747402-03:00 0HN4F6795KL6D:00000002 [INF] Request starting "HTTP/1.1" "GET" "http"://"localhost:5263""""/swagger/v1/swagger.json""" - null null (d509f86a)
2024-06-17T21:58:53.6557814-03:00 0HN4F6795KL6D:00000002 [INF] Request finished "HTTP/1.1" "GET" "http"://"localhost:5263""""/swagger/v1/swagger.json""" - 200 null "application/json;charset=utf-8" 181.1611ms (74253ad3)
2024-06-17T22:03:07.9183776-03:00 0HN4F6795KL6E:00000001 [INF] Request starting "HTTP/1.1" "GET" "http"://"localhost:5263""""/description/calça jeans""" - null null (d509f86a)
2024-06-17T22:03:07.9281663-03:00 0HN4F6795KL6E:00000001 [INF] Executing endpoint '"ApiTF.Controllers.ProductController.GetByDescription (ApiTF)"' (500cc934)
2024-06-17T22:03:07.9699268-03:00 0HN4F6795KL6E:00000001 [INF] Route matched with "{action = \"GetByDescription\", controller = \"Product\"}". Executing controller action with signature "Microsoft.AspNetCore.Mvc.ActionResult`1[ApiTF.BaseDados.Models.TbProduct] GetByDescription(System.String)" on controller "ApiTF.Controllers.ProductController" ("ApiTF"). (122b2fdf)
2024-06-17T22:03:09.9073197-03:00 0HN4F6795KL6E:00000001 [INF] Executed DbCommand ("53"ms) [Parameters=["@__description_0_contains='?'"], CommandType='Text', CommandTimeout='30']"
""SELECT t.id, t.barcode, t.barcodetype, t.costprice, t.description, t.price, t.stock
FROM tb_products AS t
WHERE t.description LIKE @__description_0_contains" (0723d8ff)
2024-06-17T22:03:10.0199365-03:00 0HN4F6795KL6E:00000001 [INF] Executing "OkObjectResult", writing value of type '"System.Collections.Generic.List`1[[ApiTF.BaseDados.Models.TbProduct, ApiTF, Version=1.0.0.0, Culture=neutral, PublicKeyToken=null]]"'. (605b4265)
2024-06-17T22:03:10.0496652-03:00 0HN4F6795KL6E:00000001 [INF] Executed action "ApiTF.Controllers.ProductController.GetByDescription (ApiTF)" in 2073.3263ms (afa2e885)
2024-06-17T22:03:10.0499006-03:00 0HN4F6795KL6E:00000001 [INF] Executed endpoint '"ApiTF.Controllers.ProductController.GetByDescription (ApiTF)"' (99874f2b)
2024-06-17T22:03:10.0585134-03:00 0HN4F6795KL6E:00000001 [INF] Request finished "HTTP/1.1" "GET" "http"://"localhost:5263""""/description/calça jeans""" - 200 null "application/json; charset=utf-8" 2141.4798ms (74253ad3)
2024-06-17T22:08:58.4981226-03:00  [INF] Now listening on: "http://localhost:5263" (d826f4b8)
2024-06-17T22:08:58.5783585-03:00  [INF] Application started. Press Ctrl+C to shut down. (dcaefe54)
2024-06-17T22:08:58.5826574-03:00  [INF] Hosting environment: "Development" (bc5a1a4e)
2024-06-17T22:08:58.5870876-03:00  [INF] Content root path: "C:\Users\USER\source\repos\ApiTF\ApiTF" (cc26f24e)
2024-06-17T22:08:59.0386953-03:00 0HN4F6CTRFGOH:00000001 [INF] Request starting "HTTP/1.1" "GET" "http"://"localhost:5263""""/swagger/index.html""" - null null (d509f86a)
2024-06-17T22:08:59.3982618-03:00 0HN4F6CTRFGOH:00000001 [INF] Request finished "HTTP/1.1" "GET" "http"://"localhost:5263""""/swagger/index.html""" - 200 null "text/html;charset=utf-8" 367.0596ms (74253ad3)
2024-06-17T22:08:59.4286810-03:00 0HN4F6CTRFGOI:00000001 [INF] Request starting "HTTP/1.1" "GET" "http"://"localhost:5263""""/_vs/browserLink""" - null null (d509f86a)
2024-06-17T22:08:59.4286881-03:00 0HN4F6CTRFGOH:00000002 [INF] Request starting "HTTP/1.1" "GET" "http"://"localhost:5263""""/_framework/aspnetcore-browser-refresh.js""" - null null (d509f86a)
2024-06-17T22:08:59.4313542-03:00 0HN4F6CTRFGOH:00000002 [INF] Request finished "HTTP/1.1" "GET" "http"://"localhost:5263""""/_framework/aspnetcore-browser-refresh.js""" - 200 13746 "application/javascript; charset=utf-8" 2.7359ms (74253ad3)
2024-06-17T22:08:59.4743142-03:00 0HN4F6CTRFGOI:00000001 [INF] Request finished "HTTP/1.1" "GET" "http"://"localhost:5263""""/_vs/browserLink""" - 200 null "text/javascript; charset=UTF-8" 45.8266ms (74253ad3)
2024-06-17T22:08:59.5263119-03:00 0HN4F6CTRFGOI:00000002 [INF] Request starting "HTTP/1.1" "GET" "http"://"localhost:5263""""/swagger/v1/swagger.json""" - null null (d509f86a)
2024-06-17T22:08:59.6660080-03:00 0HN4F6CTRFGOI:00000002 [INF] Request finished "HTTP/1.1" "GET" "http"://"localhost:5263""""/swagger/v1/swagger.json""" - 200 null "application/json;charset=utf-8" 139.6867ms (74253ad3)
2024-06-17T22:09:09.6470239-03:00 0HN4F6CTRFGOJ:00000001 [INF] Request starting "HTTP/1.1" "GET" "http"://"localhost:5263""""/description/calça jeans""" - null null (d509f86a)
2024-06-17T22:09:09.6559415-03:00 0HN4F6CTRFGOJ:00000001 [INF] Executing endpoint '"ApiTF.Controllers.ProductController.GetByDescription (ApiTF)"' (500cc934)
2024-06-17T22:09:09.6824814-03:00 0HN4F6CTRFGOJ:00000001 [INF] Route matched with "{action = \"GetByDescription\", controller = \"Product\"}". Executing controller action with signature "Microsoft.AspNetCore.Mvc.ActionResult`1[ApiTF.BaseDados.Models.TbProduct] GetByDescription(System.String)" on controller "ApiTF.Controllers.ProductController" ("ApiTF"). (122b2fdf)
2024-06-17T22:09:11.4610225-03:00 0HN4F6CTRFGOJ:00000001 [INF] Executed DbCommand ("49"ms) [Parameters=["@__description_0_contains='?'"], CommandType='Text', CommandTimeout='30']"
""SELECT t.id, t.barcode, t.barcodetype, t.costprice, t.description, t.price, t.stock
FROM tb_products AS t
WHERE t.description LIKE @__description_0_contains" (0723d8ff)
2024-06-17T22:09:11.5681631-03:00 0HN4F6CTRFGOJ:00000001 [INF] Executing "NotFoundObjectResult", writing value of type '"System.String"'. (605b4265)
2024-06-17T22:09:11.5740825-03:00 0HN4F6CTRFGOJ:00000001 [INF] Executed action "ApiTF.Controllers.ProductController.GetByDescription (ApiTF)" in 1887.2098ms (afa2e885)
2024-06-17T22:09:11.5742042-03:00 0HN4F6CTRFGOJ:00000001 [INF] Executed endpoint '"ApiTF.Controllers.ProductController.GetByDescription (ApiTF)"' (99874f2b)
2024-06-17T22:09:11.5824083-03:00 0HN4F6CTRFGOJ:00000001 [INF] Request finished "HTTP/1.1" "GET" "http"://"localhost:5263""""/description/calça jeans""" - 404 null "text/plain; charset=utf-8" 1935.9514ms (74253ad3)
2024-06-17T22:10:28.7375648-03:00 0HN4F6CTRFGOK:00000001 [INF] Request starting "HTTP/1.1" "POST" "http"://"localhost:5263""""/api/Product""" - "application/json" 135 (d509f86a)
2024-06-17T22:10:28.7382503-03:00 0HN4F6CTRFGOK:00000001 [INF] Executing endpoint '"ApiTF.Controllers.ProductController.Insert (ApiTF)"' (500cc934)
2024-06-17T22:10:28.7416159-03:00 0HN4F6CTRFGOK:00000001 [INF] Route matched with "{action = \"Insert\", controller = \"Product\"}". Executing controller action with signature "Microsoft.AspNetCore.Mvc.ActionResult`1[ApiTF.BaseDados.Models.TbProduct] Insert(ApiTF.Services.DTOs.ProductDTO)" on controller "ApiTF.Controllers.ProductController" ("ApiTF"). (122b2fdf)
2024-06-17T22:10:28.9975699-03:00 0HN4F6CTRFGOK:00000001 [INF] Executed DbCommand ("22"ms) [Parameters=["@p0='?', @p1='?', @p2='?' (DbType = Decimal), @p3='?', @p4='?' (DbType = Decimal), @p5='?' (DbType = Int32)"], CommandType='Text', CommandTimeout='30']"
""INSERT INTO tb_products (barcode, barcodetype, costprice, description, price, stock)
VALUES (@p0, @p1, @p2, @p3, @p4, @p5)
RETURNING id;" (0723d8ff)
2024-06-17T22:10:29.1070549-03:00 0HN4F6CTRFGOK:00000001 [INF] Executed DbCommand ("13"ms) [Parameters=["@p0='?' (DbType = DateTime2), @p1='?' (DbType = Int32), @p2='?' (DbType = Int32)"], CommandType='Text', CommandTimeout='30']"
""INSERT INTO tb_stock_logs (createdat, productid, qty)
VALUES (@p0, @p1, @p2)
RETURNING id;" (0723d8ff)
2024-06-17T22:10:29.1173238-03:00 0HN4F6CTRFGOK:00000001 [INF] Executing "OkObjectResult", writing value of type '"ApiTF.BaseDados.Models.TbProduct"'. (605b4265)
2024-06-17T22:10:29.1362644-03:00 0HN4F6CTRFGOK:00000001 [INF] Executed action "ApiTF.Controllers.ProductController.Insert (ApiTF)" in 394.4779ms (afa2e885)
2024-06-17T22:10:29.1363524-03:00 0HN4F6CTRFGOK:00000001 [INF] Executed endpoint '"ApiTF.Controllers.ProductController.Insert (ApiTF)"' (99874f2b)
2024-06-17T22:10:29.1366034-03:00 0HN4F6CTRFGOK:00000001 [INF] Request finished "HTTP/1.1" "POST" "http"://"localhost:5263""""/api/Product""" - 200 null "application/json; charset=utf-8" 399.0737ms (74253ad3)
2024-06-17T22:11:45.0111372-03:00 0HN4F6CTRFGOL:00000001 [INF] Request starting "HTTP/1.1" "GET" "http"://"localhost:5263""""/description/camisa""" - null null (d509f86a)
2024-06-17T22:11:45.0119854-03:00 0HN4F6CTRFGOL:00000001 [INF] Executing endpoint '"ApiTF.Controllers.ProductController.GetByDescription (ApiTF)"' (500cc934)
2024-06-17T22:11:45.0124807-03:00 0HN4F6CTRFGOL:00000001 [INF] Route matched with "{action = \"GetByDescription\", controller = \"Product\"}". Executing controller action with signature "Microsoft.AspNetCore.Mvc.ActionResult`1[ApiTF.BaseDados.Models.TbProduct] GetByDescription(System.String)" on controller "ApiTF.Controllers.ProductController" ("ApiTF"). (122b2fdf)
2024-06-17T22:11:45.0742517-03:00 0HN4F6CTRFGOL:00000001 [INF] Executed DbCommand ("1"ms) [Parameters=["@__description_0_contains='?'"], CommandType='Text', CommandTimeout='30']"
""SELECT t.id, t.barcode, t.barcodetype, t.costprice, t.description, t.price, t.stock
FROM tb_products AS t
WHERE t.description LIKE @__description_0_contains" (0723d8ff)
2024-06-17T22:11:45.1060539-03:00 0HN4F6CTRFGOL:00000001 [INF] Executing "NotFoundObjectResult", writing value of type '"System.String"'. (605b4265)
2024-06-17T22:11:45.1062777-03:00 0HN4F6CTRFGOL:00000001 [INF] Executed action "ApiTF.Controllers.ProductController.GetByDescription (ApiTF)" in 93.6457ms (afa2e885)
2024-06-17T22:11:45.1063230-03:00 0HN4F6CTRFGOL:00000001 [INF] Executed endpoint '"ApiTF.Controllers.ProductController.GetByDescription (ApiTF)"' (99874f2b)
2024-06-17T22:11:45.1064863-03:00 0HN4F6CTRFGOL:00000001 [INF] Request finished "HTTP/1.1" "GET" "http"://"localhost:5263""""/description/camisa""" - 404 null "text/plain; charset=utf-8" 95.6253ms (74253ad3)
2024-06-17T22:11:54.2622444-03:00 0HN4F6CTRFGOM:00000001 [INF] Request starting "HTTP/1.1" "POST" "http"://"localhost:5263""""/api/Product""" - "application/json" 135 (d509f86a)
2024-06-17T22:11:54.2639227-03:00 0HN4F6CTRFGOM:00000001 [INF] Executing endpoint '"ApiTF.Controllers.ProductController.Insert (ApiTF)"' (500cc934)
2024-06-17T22:11:54.2641149-03:00 0HN4F6CTRFGOM:00000001 [INF] Route matched with "{action = \"Insert\", controller = \"Product\"}". Executing controller action with signature "Microsoft.AspNetCore.Mvc.ActionResult`1[ApiTF.BaseDados.Models.TbProduct] Insert(ApiTF.Services.DTOs.ProductDTO)" on controller "ApiTF.Controllers.ProductController" ("ApiTF"). (122b2fdf)
2024-06-17T22:11:54.2767053-03:00 0HN4F6CTRFGOM:00000001 [INF] Executed DbCommand ("4"ms) [Parameters=["@p0='?', @p1='?', @p2='?' (DbType = Decimal), @p3='?', @p4='?' (DbType = Decimal), @p5='?' (DbType = Int32)"], CommandType='Text', CommandTimeout='30']"
""INSERT INTO tb_products (barcode, barcodetype, costprice, description, price, stock)
VALUES (@p0, @p1, @p2, @p3, @p4, @p5)
RETURNING id;" (0723d8ff)
2024-06-17T22:11:54.2867850-03:00 0HN4F6CTRFGOM:00000001 [INF] Executed DbCommand ("2"ms) [Parameters=["@p0='?' (DbType = DateTime2), @p1='?' (DbType = Int32), @p2='?' (DbType = Int32)"], CommandType='Text', CommandTimeout='30']"
""INSERT INTO tb_stock_logs (createdat, productid, qty)
VALUES (@p0, @p1, @p2)
RETURNING id;" (0723d8ff)
2024-06-17T22:11:54.2876106-03:00 0HN4F6CTRFGOM:00000001 [INF] Executing "OkObjectResult", writing value of type '"ApiTF.BaseDados.Models.TbProduct"'. (605b4265)
2024-06-17T22:11:54.2878195-03:00 0HN4F6CTRFGOM:00000001 [INF] Executed action "ApiTF.Controllers.ProductController.Insert (ApiTF)" in 23.5324ms (afa2e885)
2024-06-17T22:11:54.2879034-03:00 0HN4F6CTRFGOM:00000001 [INF] Executed endpoint '"ApiTF.Controllers.ProductController.Insert (ApiTF)"' (99874f2b)
2024-06-17T22:11:54.2880741-03:00 0HN4F6CTRFGOM:00000001 [INF] Request finished "HTTP/1.1" "POST" "http"://"localhost:5263""""/api/Product""" - 200 null "application/json; charset=utf-8" 26.0859ms (74253ad3)
2024-06-17T22:12:35.4526202-03:00 0HN4F6CTRFGON:00000001 [INF] Request starting "HTTP/1.1" "PUT" "http"://"localhost:5263""""/api/Product/1""" - "application/json" 134 (d509f86a)
2024-06-17T22:12:35.4535856-03:00 0HN4F6CTRFGON:00000001 [INF] Executing endpoint '"ApiTF.Controllers.ProductController.Update (ApiTF)"' (500cc934)
2024-06-17T22:12:35.4605191-03:00 0HN4F6CTRFGON:00000001 [INF] Route matched with "{action = \"Update\", controller = \"Product\"}". Executing controller action with signature "Microsoft.AspNetCore.Mvc.ActionResult`1[ApiTF.BaseDados.Models.TbProduct] Update(Int32, ApiTF.Services.DTOs.ProductDTO)" on controller "ApiTF.Controllers.ProductController" ("ApiTF"). (122b2fdf)
2024-06-17T22:12:35.5120732-03:00 0HN4F6CTRFGON:00000001 [INF] Executed DbCommand ("1"ms) [Parameters=["@__id_0='?' (DbType = Int32)"], CommandType='Text', CommandTimeout='30']"
""SELECT t.id, t.barcode, t.barcodetype, t.costprice, t.description, t.price, t.stock
FROM tb_products AS t
WHERE t.id = @__id_0
LIMIT 1" (0723d8ff)
2024-06-17T22:12:35.5360136-03:00 0HN4F6CTRFGON:00000001 [INF] Executing "ObjectResult", writing value of type '"<>f__AnonymousType1`1[[System.String, System.Private.CoreLib, Version=8.0.0.0, Culture=neutral, PublicKeyToken=7cec85d7bea7798e]]"'. (605b4265)
2024-06-17T22:12:35.5375186-03:00 0HN4F6CTRFGON:00000001 [INF] Executed action "ApiTF.Controllers.ProductController.Update (ApiTF)" in 76.9196ms (afa2e885)
2024-06-17T22:12:35.5375801-03:00 0HN4F6CTRFGON:00000001 [INF] Executed endpoint '"ApiTF.Controllers.ProductController.Update (ApiTF)"' (99874f2b)
2024-06-17T22:12:35.5377668-03:00 0HN4F6CTRFGON:00000001 [INF] Request finished "HTTP/1.1" "PUT" "http"://"localhost:5263""""/api/Product/1""" - 500 null "application/json; charset=utf-8" 89.301ms (74253ad3)
2024-06-17T22:12:44.7179973-03:00 0HN4F6CTRFGOO:00000001 [INF] Request starting "HTTP/1.1" "PUT" "http"://"localhost:5263""""/api/Product/17""" - "application/json" 134 (d509f86a)
2024-06-17T22:12:44.7182444-03:00 0HN4F6CTRFGOO:00000001 [INF] Executing endpoint '"ApiTF.Controllers.ProductController.Update (ApiTF)"' (500cc934)
2024-06-17T22:12:44.7183567-03:00 0HN4F6CTRFGOO:00000001 [INF] Route matched with "{action = \"Update\", controller = \"Product\"}". Executing controller action with signature "Microsoft.AspNetCore.Mvc.ActionResult`1[ApiTF.BaseDados.Models.TbProduct] Update(Int32, ApiTF.Services.DTOs.ProductDTO)" on controller "ApiTF.Controllers.ProductController" ("ApiTF"). (122b2fdf)
2024-06-17T22:12:44.7264789-03:00 0HN4F6CTRFGOO:00000001 [INF] Executed DbCommand ("1"ms) [Parameters=["@__id_0='?' (DbType = Int32)"], CommandType='Text', CommandTimeout='30']"
""SELECT t.id, t.barcode, t.barcodetype, t.costprice, t.description, t.price, t.stock
FROM tb_products AS t
WHERE t.id = @__id_0
LIMIT 1" (0723d8ff)
2024-06-17T22:12:44.7464504-03:00 0HN4F6CTRFGOO:00000001 [INF] Executed DbCommand ("2"ms) [Parameters=["@p6='?' (DbType = Int32), @p0='?', @p1='?', @p2='?' (DbType = Decimal), @p3='?', @p4='?' (DbType = Decimal), @p5='?' (DbType = Int32)"], CommandType='Text', CommandTimeout='30']"
""UPDATE tb_products SET barcode = @p0, barcodetype = @p1, costprice = @p2, description = @p3, price = @p4, stock = @p5
WHERE id = @p6;" (0723d8ff)
2024-06-17T22:12:44.7547711-03:00 0HN4F6CTRFGOO:00000001 [INF] Executed DbCommand ("1"ms) [Parameters=["@p0='?' (DbType = DateTime2), @p1='?' (DbType = Int32), @p2='?' (DbType = Int32)"], CommandType='Text', CommandTimeout='30']"
""INSERT INTO tb_stock_logs (createdat, productid, qty)
VALUES (@p0, @p1, @p2)
RETURNING id;" (0723d8ff)
2024-06-17T22:12:44.7552877-03:00 0HN4F6CTRFGOO:00000001 [INF] Executing "OkObjectResult", writing value of type '"ApiTF.BaseDados.Models.TbProduct"'. (605b4265)
2024-06-17T22:12:44.7556655-03:00 0HN4F6CTRFGOO:00000001 [INF] Executed action "ApiTF.Controllers.ProductController.Update (ApiTF)" in 37.1641ms (afa2e885)
2024-06-17T22:12:44.7556980-03:00 0HN4F6CTRFGOO:00000001 [INF] Executed endpoint '"ApiTF.Controllers.ProductController.Update (ApiTF)"' (99874f2b)
2024-06-17T22:12:44.7558322-03:00 0HN4F6CTRFGOO:00000001 [INF] Request finished "HTTP/1.1" "PUT" "http"://"localhost:5263""""/api/Product/17""" - 200 null "application/json; charset=utf-8" 37.899ms (74253ad3)
2024-06-17T22:13:21.2740293-03:00 0HN4F6CTRFGOP:00000001 [INF] Request starting "HTTP/1.1" "GET" "http"://"localhost:5263""""/description/camisa""" - null null (d509f86a)
2024-06-17T22:13:21.2744943-03:00 0HN4F6CTRFGOP:00000001 [INF] Executing endpoint '"ApiTF.Controllers.ProductController.GetByDescription (ApiTF)"' (500cc934)
2024-06-17T22:13:21.2747621-03:00 0HN4F6CTRFGOP:00000001 [INF] Route matched with "{action = \"GetByDescription\", controller = \"Product\"}". Executing controller action with signature "Microsoft.AspNetCore.Mvc.ActionResult`1[ApiTF.BaseDados.Models.TbProduct] GetByDescription(System.String)" on controller "ApiTF.Controllers.ProductController" ("ApiTF"). (122b2fdf)
2024-06-17T22:13:21.2809288-03:00 0HN4F6CTRFGOP:00000001 [INF] Executed DbCommand ("1"ms) [Parameters=["@__description_0_contains='?'"], CommandType='Text', CommandTimeout='30']"
""SELECT t.id, t.barcode, t.barcodetype, t.costprice, t.description, t.price, t.stock
FROM tb_products AS t
WHERE t.description LIKE @__description_0_contains" (0723d8ff)
2024-06-17T22:13:21.2827487-03:00 0HN4F6CTRFGOP:00000001 [INF] Executing "OkObjectResult", writing value of type '"System.Collections.Generic.List`1[[ApiTF.BaseDados.Models.TbProduct, ApiTF, Version=1.0.0.0, Culture=neutral, PublicKeyToken=null]]"'. (605b4265)
2024-06-17T22:13:21.2837658-03:00 0HN4F6CTRFGOP:00000001 [INF] Executed action "ApiTF.Controllers.ProductController.GetByDescription (ApiTF)" in 8.8437ms (afa2e885)
2024-06-17T22:13:21.2838609-03:00 0HN4F6CTRFGOP:00000001 [INF] Executed endpoint '"ApiTF.Controllers.ProductController.GetByDescription (ApiTF)"' (99874f2b)
2024-06-17T22:13:21.2842899-03:00 0HN4F6CTRFGOP:00000001 [INF] Request finished "HTTP/1.1" "GET" "http"://"localhost:5263""""/description/camisa""" - 200 null "application/json; charset=utf-8" 10.3828ms (74253ad3)
2024-06-17T22:13:41.6742860-03:00 0HN4F6CTRFGOQ:00000001 [INF] Request starting "HTTP/1.1" "GET" "http"://"localhost:5263""""/barcode/1234567891234""" - null null (d509f86a)
2024-06-17T22:13:41.6745296-03:00 0HN4F6CTRFGOQ:00000001 [INF] Executing endpoint '"ApiTF.Controllers.ProductController.GetByBarcode (ApiTF)"' (500cc934)
2024-06-17T22:13:41.6757378-03:00 0HN4F6CTRFGOQ:00000001 [INF] Route matched with "{action = \"GetByBarcode\", controller = \"Product\"}". Executing controller action with signature "Microsoft.AspNetCore.Mvc.ActionResult`1[ApiTF.BaseDados.Models.TbProduct] GetByBarcode(System.String)" on controller "ApiTF.Controllers.ProductController" ("ApiTF"). (122b2fdf)
2024-06-17T22:13:41.6861893-03:00 0HN4F6CTRFGOQ:00000001 [INF] Executed DbCommand ("1"ms) [Parameters=["@__barcode_0='?'"], CommandType='Text', CommandTimeout='30']"
""SELECT t.id, t.barcode, t.barcodetype, t.costprice, t.description, t.price, t.stock
FROM tb_products AS t
WHERE t.barcode = @__barcode_0
LIMIT 1" (0723d8ff)
2024-06-17T22:13:41.6868491-03:00 0HN4F6CTRFGOQ:00000001 [INF] Executing "OkObjectResult", writing value of type '"ApiTF.BaseDados.Models.TbProduct"'. (605b4265)
2024-06-17T22:13:41.6872922-03:00 0HN4F6CTRFGOQ:00000001 [INF] Executed action "ApiTF.Controllers.ProductController.GetByBarcode (ApiTF)" in 11.4708ms (afa2e885)
2024-06-17T22:13:41.6874040-03:00 0HN4F6CTRFGOQ:00000001 [INF] Executed endpoint '"ApiTF.Controllers.ProductController.GetByBarcode (ApiTF)"' (99874f2b)
2024-06-17T22:13:41.6876736-03:00 0HN4F6CTRFGOQ:00000001 [INF] Request finished "HTTP/1.1" "GET" "http"://"localhost:5263""""/barcode/1234567891234""" - 200 null "application/json; charset=utf-8" 13.407ms (74253ad3)
2024-06-17T22:13:57.6052924-03:00 0HN4F6CTRFGOR:00000001 [INF] Request starting "HTTP/1.1" "PUT" "http"://"localhost:5263""""/ajustestock/17""?qty=5" - null 0 (d509f86a)
2024-06-17T22:13:57.6054624-03:00 0HN4F6CTRFGOR:00000001 [INF] Executing endpoint '"ApiTF.Controllers.ProductController.AdjustStock (ApiTF)"' (500cc934)
2024-06-17T22:13:57.6070166-03:00 0HN4F6CTRFGOR:00000001 [INF] Route matched with "{action = \"AdjustStock\", controller = \"Product\"}". Executing controller action with signature "Microsoft.AspNetCore.Mvc.ActionResult`1[ApiTF.BaseDados.Models.TbProduct] AdjustStock(Int32, Int32)" on controller "ApiTF.Controllers.ProductController" ("ApiTF"). (122b2fdf)
2024-06-17T22:13:57.6204648-03:00 0HN4F6CTRFGOR:00000001 [INF] Executed DbCommand ("1"ms) [Parameters=["@__id_0='?' (DbType = Int32)"], CommandType='Text', CommandTimeout='30']"
""SELECT t.id, t.barcode, t.barcodetype, t.costprice, t.description, t.price, t.stock
FROM tb_products AS t
WHERE t.id = @__id_0
LIMIT 1" (0723d8ff)
2024-06-17T22:13:57.6276931-03:00 0HN4F6CTRFGOR:00000001 [INF] Executed DbCommand ("1"ms) [Parameters=["@p6='?' (DbType = Int32), @p0='?', @p1='?', @p2='?' (DbType = Decimal), @p3='?', @p4='?' (DbType = Decimal), @p5='?' (DbType = Int32)"], CommandType='Text', CommandTimeout='30']"
""UPDATE tb_products SET barcode = @p0, barcodetype = @p1, costprice = @p2, description = @p3, price = @p4, stock = @p5
WHERE id = @p6;" (0723d8ff)
2024-06-17T22:13:57.6350454-03:00 0HN4F6CTRFGOR:00000001 [INF] Executed DbCommand ("1"ms) [Parameters=["@p0='?' (DbType = DateTime2), @p1='?' (DbType = Int32), @p2='?' (DbType = Int32)"], CommandType='Text', CommandTimeout='30']"
""INSERT INTO tb_stock_logs (createdat, productid, qty)
VALUES (@p0, @p1, @p2)
RETURNING id;" (0723d8ff)
2024-06-17T22:13:57.6356042-03:00 0HN4F6CTRFGOR:00000001 [INF] Executing "OkObjectResult", writing value of type '"ApiTF.BaseDados.Models.TbProduct"'. (605b4265)
2024-06-17T22:13:57.6358814-03:00 0HN4F6CTRFGOR:00000001 [INF] Executed action "ApiTF.Controllers.ProductController.AdjustStock (ApiTF)" in 28.7995ms (afa2e885)
2024-06-17T22:13:57.6359280-03:00 0HN4F6CTRFGOR:00000001 [INF] Executed endpoint '"ApiTF.Controllers.ProductController.AdjustStock (ApiTF)"' (99874f2b)
2024-06-17T22:13:57.6361685-03:00 0HN4F6CTRFGOR:00000001 [INF] Request finished "HTTP/1.1" "PUT" "http"://"localhost:5263""""/ajustestock/17""?qty=5" - 200 null "application/json; charset=utf-8" 30.8926ms (74253ad3)
2024-06-17T22:14:06.4937619-03:00 0HN4F6CTRFGOR:00000002 [INF] Request starting "HTTP/1.1" "GET" "http"://"localhost:5263""""/description/camisa""" - null null (d509f86a)
2024-06-17T22:14:06.4940328-03:00 0HN4F6CTRFGOR:00000002 [INF] Executing endpoint '"ApiTF.Controllers.ProductController.GetByDescription (ApiTF)"' (500cc934)
2024-06-17T22:14:06.4941565-03:00 0HN4F6CTRFGOR:00000002 [INF] Route matched with "{action = \"GetByDescription\", controller = \"Product\"}". Executing controller action with signature "Microsoft.AspNetCore.Mvc.ActionResult`1[ApiTF.BaseDados.Models.TbProduct] GetByDescription(System.String)" on controller "ApiTF.Controllers.ProductController" ("ApiTF"). (122b2fdf)
2024-06-17T22:14:06.4989437-03:00 0HN4F6CTRFGOR:00000002 [INF] Executed DbCommand ("1"ms) [Parameters=["@__description_0_contains='?'"], CommandType='Text', CommandTimeout='30']"
""SELECT t.id, t.barcode, t.barcodetype, t.costprice, t.description, t.price, t.stock
FROM tb_products AS t
WHERE t.description LIKE @__description_0_contains" (0723d8ff)
2024-06-17T22:14:06.4993221-03:00 0HN4F6CTRFGOR:00000002 [INF] Executing "OkObjectResult", writing value of type '"System.Collections.Generic.List`1[[ApiTF.BaseDados.Models.TbProduct, ApiTF, Version=1.0.0.0, Culture=neutral, PublicKeyToken=null]]"'. (605b4265)
2024-06-17T22:14:06.4996207-03:00 0HN4F6CTRFGOR:00000002 [INF] Executed action "ApiTF.Controllers.ProductController.GetByDescription (ApiTF)" in 5.407ms (afa2e885)
2024-06-17T22:14:06.4996746-03:00 0HN4F6CTRFGOR:00000002 [INF] Executed endpoint '"ApiTF.Controllers.ProductController.GetByDescription (ApiTF)"' (99874f2b)
2024-06-17T22:14:06.4999007-03:00 0HN4F6CTRFGOR:00000002 [INF] Request finished "HTTP/1.1" "GET" "http"://"localhost:5263""""/description/camisa""" - 200 null "application/json; charset=utf-8" 6.2678ms (74253ad3)
2024-06-17T22:14:40.8435515-03:00 0HN4F6CTRFGOS:00000001 [INF] Request starting "HTTP/1.1" "POST" "http"://"localhost:5263""""/api/Product""" - "application/json" 134 (d509f86a)
2024-06-17T22:14:40.8437521-03:00 0HN4F6CTRFGOS:00000001 [INF] Executing endpoint '"ApiTF.Controllers.ProductController.Insert (ApiTF)"' (500cc934)
2024-06-17T22:14:40.8438888-03:00 0HN4F6CTRFGOS:00000001 [INF] Route matched with "{action = \"Insert\", controller = \"Product\"}". Executing controller action with signature "Microsoft.AspNetCore.Mvc.ActionResult`1[ApiTF.BaseDados.Models.TbProduct] Insert(ApiTF.Services.DTOs.ProductDTO)" on controller "ApiTF.Controllers.ProductController" ("ApiTF"). (122b2fdf)
2024-06-17T22:14:40.8763586-03:00 0HN4F6CTRFGOS:00000001 [INF] Executing "ObjectResult", writing value of type '"<>f__AnonymousType1`1[[System.String, System.Private.CoreLib, Version=8.0.0.0, Culture=neutral, PublicKeyToken=7cec85d7bea7798e]]"'. (605b4265)
2024-06-17T22:14:40.8765519-03:00 0HN4F6CTRFGOS:00000001 [INF] Executed action "ApiTF.Controllers.ProductController.Insert (ApiTF)" in 32.6059ms (afa2e885)
2024-06-17T22:14:40.8766019-03:00 0HN4F6CTRFGOS:00000001 [INF] Executed endpoint '"ApiTF.Controllers.ProductController.Insert (ApiTF)"' (99874f2b)
2024-06-17T22:14:40.8767043-03:00 0HN4F6CTRFGOS:00000001 [INF] Request finished "HTTP/1.1" "POST" "http"://"localhost:5263""""/api/Product""" - 422 null "application/json; charset=utf-8" 33.2081ms (74253ad3)
2024-06-17T22:15:14.1654832-03:00 0HN4F6CTRFGOT:00000001 [INF] Request starting "HTTP/1.1" "POST" "http"://"localhost:5263""""/api/Product""" - "application/json" 135 (d509f86a)
2024-06-17T22:15:14.1657858-03:00 0HN4F6CTRFGOT:00000001 [INF] Executing endpoint '"ApiTF.Controllers.ProductController.Insert (ApiTF)"' (500cc934)
2024-06-17T22:15:14.1659026-03:00 0HN4F6CTRFGOT:00000001 [INF] Route matched with "{action = \"Insert\", controller = \"Product\"}". Executing controller action with signature "Microsoft.AspNetCore.Mvc.ActionResult`1[ApiTF.BaseDados.Models.TbProduct] Insert(ApiTF.Services.DTOs.ProductDTO)" on controller "ApiTF.Controllers.ProductController" ("ApiTF"). (122b2fdf)
2024-06-17T22:15:14.2232177-03:00 0HN4F6CTRFGOT:00000001 [INF] Executed DbCommand ("4"ms) [Parameters=["@p0='?', @p1='?', @p2='?' (DbType = Decimal), @p3='?', @p4='?' (DbType = Decimal), @p5='?' (DbType = Int32)"], CommandType='Text', CommandTimeout='30']"
""INSERT INTO tb_products (barcode, barcodetype, costprice, description, price, stock)
VALUES (@p0, @p1, @p2, @p3, @p4, @p5)
RETURNING id;" (0723d8ff)
2024-06-17T22:15:14.2327152-03:00 0HN4F6CTRFGOT:00000001 [INF] Executed DbCommand ("4"ms) [Parameters=["@p0='?' (DbType = DateTime2), @p1='?' (DbType = Int32), @p2='?' (DbType = Int32)"], CommandType='Text', CommandTimeout='30']"
""INSERT INTO tb_stock_logs (createdat, productid, qty)
VALUES (@p0, @p1, @p2)
RETURNING id;" (0723d8ff)
2024-06-17T22:15:14.2331388-03:00 0HN4F6CTRFGOT:00000001 [INF] Executing "OkObjectResult", writing value of type '"ApiTF.BaseDados.Models.TbProduct"'. (605b4265)
2024-06-17T22:15:14.2333752-03:00 0HN4F6CTRFGOT:00000001 [INF] Executed action "ApiTF.Controllers.ProductController.Insert (ApiTF)" in 67.4202ms (afa2e885)
2024-06-17T22:15:14.2334229-03:00 0HN4F6CTRFGOT:00000001 [INF] Executed endpoint '"ApiTF.Controllers.ProductController.Insert (ApiTF)"' (99874f2b)
2024-06-17T22:15:14.2335683-03:00 0HN4F6CTRFGOT:00000001 [INF] Request finished "HTTP/1.1" "POST" "http"://"localhost:5263""""/api/Product""" - 200 null "application/json; charset=utf-8" 68.1631ms (74253ad3)
2024-06-17T22:15:20.9670088-03:00 0HN4F6CTRFGOU:00000001 [INF] Request starting "HTTP/1.1" "GET" "http"://"localhost:5263""""/description/camisa""" - null null (d509f86a)
2024-06-17T22:15:20.9672485-03:00 0HN4F6CTRFGOU:00000001 [INF] Executing endpoint '"ApiTF.Controllers.ProductController.GetByDescription (ApiTF)"' (500cc934)
2024-06-17T22:15:20.9674297-03:00 0HN4F6CTRFGOU:00000001 [INF] Route matched with "{action = \"GetByDescription\", controller = \"Product\"}". Executing controller action with signature "Microsoft.AspNetCore.Mvc.ActionResult`1[ApiTF.BaseDados.Models.TbProduct] GetByDescription(System.String)" on controller "ApiTF.Controllers.ProductController" ("ApiTF"). (122b2fdf)
2024-06-17T22:15:20.9724032-03:00 0HN4F6CTRFGOU:00000001 [INF] Executed DbCommand ("1"ms) [Parameters=["@__description_0_contains='?'"], CommandType='Text', CommandTimeout='30']"
""SELECT t.id, t.barcode, t.barcodetype, t.costprice, t.description, t.price, t.stock
FROM tb_products AS t
WHERE t.description LIKE @__description_0_contains" (0723d8ff)
2024-06-17T22:15:20.9728450-03:00 0HN4F6CTRFGOU:00000001 [INF] Executing "OkObjectResult", writing value of type '"System.Collections.Generic.List`1[[ApiTF.BaseDados.Models.TbProduct, ApiTF, Version=1.0.0.0, Culture=neutral, PublicKeyToken=null]]"'. (605b4265)
2024-06-17T22:15:20.9731274-03:00 0HN4F6CTRFGOU:00000001 [INF] Executed action "ApiTF.Controllers.ProductController.GetByDescription (ApiTF)" in 5.5672ms (afa2e885)
2024-06-17T22:15:20.9731915-03:00 0HN4F6CTRFGOU:00000001 [INF] Executed endpoint '"ApiTF.Controllers.ProductController.GetByDescription (ApiTF)"' (99874f2b)
2024-06-17T22:15:20.9733705-03:00 0HN4F6CTRFGOU:00000001 [INF] Request finished "HTTP/1.1" "GET" "http"://"localhost:5263""""/description/camisa""" - 200 null "application/json; charset=utf-8" 6.4103ms (74253ad3)
2024-06-17T22:43:16.8430865-03:00  [INF] Now listening on: "http://localhost:5263" (d826f4b8)
2024-06-17T22:43:16.9329303-03:00  [INF] Application started. Press Ctrl+C to shut down. (dcaefe54)
2024-06-17T22:43:16.9360654-03:00  [INF] Hosting environment: "Development" (bc5a1a4e)
2024-06-17T22:43:16.9391160-03:00  [INF] Content root path: "C:\Users\USER\source\repos\ApiTF\ApiTF" (cc26f24e)
2024-06-17T22:43:17.3955067-03:00 0HN4F7038MP47:00000001 [INF] Request starting "HTTP/1.1" "GET" "http"://"localhost:5263""""/swagger/index.html""" - null null (d509f86a)
2024-06-17T22:43:18.1183554-03:00 0HN4F7038MP47:00000001 [INF] Request finished "HTTP/1.1" "GET" "http"://"localhost:5263""""/swagger/index.html""" - 200 null "text/html;charset=utf-8" 732.4564ms (74253ad3)
2024-06-17T22:43:18.1538193-03:00 0HN4F7038MP48:00000001 [INF] Request starting "HTTP/1.1" "GET" "http"://"localhost:5263""""/_vs/browserLink""" - null null (d509f86a)
2024-06-17T22:43:18.1538194-03:00 0HN4F7038MP47:00000002 [INF] Request starting "HTTP/1.1" "GET" "http"://"localhost:5263""""/_framework/aspnetcore-browser-refresh.js""" - null null (d509f86a)
2024-06-17T22:43:18.1570935-03:00 0HN4F7038MP47:00000002 [INF] Request finished "HTTP/1.1" "GET" "http"://"localhost:5263""""/_framework/aspnetcore-browser-refresh.js""" - 200 13746 "application/javascript; charset=utf-8" 3.371ms (74253ad3)
2024-06-17T22:43:18.2065289-03:00 0HN4F7038MP48:00000001 [INF] Request finished "HTTP/1.1" "GET" "http"://"localhost:5263""""/_vs/browserLink""" - 200 null "text/javascript; charset=UTF-8" 52.7847ms (74253ad3)
2024-06-17T22:43:18.2639108-03:00 0HN4F7038MP48:00000002 [INF] Request starting "HTTP/1.1" "GET" "http"://"localhost:5263""""/swagger/v1/swagger.json""" - null null (d509f86a)
2024-06-17T22:43:18.4393771-03:00 0HN4F7038MP48:00000002 [INF] Request finished "HTTP/1.1" "GET" "http"://"localhost:5263""""/swagger/v1/swagger.json""" - 200 null "application/json;charset=utf-8" 175.5019ms (74253ad3)
2024-06-17T22:43:36.3436278-03:00 0HN4F7038MP49:00000001 [INF] Request starting "HTTP/1.1" "GET" "http"://"localhost:5263""""/api/Promotion/1""" - null null (d509f86a)
2024-06-17T22:43:36.3847563-03:00 0HN4F7038MP49:00000001 [INF] Executing endpoint '"ApiTF.Controllers.PromotionController.GetById (ApiTF)"' (500cc934)
2024-06-17T22:43:36.4648500-03:00 0HN4F7038MP49:00000001 [INF] Route matched with "{action = \"GetById\", controller = \"Promotion\"}". Executing controller action with signature "Microsoft.AspNetCore.Mvc.ActionResult`1[ApiTF.BaseDados.Models.TbPromotion] GetById(Int32)" on controller "ApiTF.Controllers.PromotionController" ("ApiTF"). (122b2fdf)
2024-06-17T22:43:40.7908549-03:00 0HN4F7038MP49:00000001 [INF] Executed DbCommand ("113"ms) [Parameters=["@__id_0='?' (DbType = Int32)"], CommandType='Text', CommandTimeout='30']"
""SELECT t.id, t.enddate, t.productid, t.promotiontype, t.startdate, t.value
FROM tb_promotions AS t
WHERE t.id = @__id_0
LIMIT 1" (0723d8ff)
2024-06-17T22:43:40.9999613-03:00 0HN4F7038MP49:00000001 [INF] Executing "NotFoundObjectResult", writing value of type '"System.String"'. (605b4265)
2024-06-17T22:43:41.0104886-03:00 0HN4F7038MP49:00000001 [INF] Executed action "ApiTF.Controllers.PromotionController.GetById (ApiTF)" in 4536.3096ms (afa2e885)
2024-06-17T22:43:41.0107640-03:00 0HN4F7038MP49:00000001 [INF] Executed endpoint '"ApiTF.Controllers.PromotionController.GetById (ApiTF)"' (99874f2b)
2024-06-17T22:43:41.0368163-03:00 0HN4F7038MP49:00000001 [INF] Request finished "HTTP/1.1" "GET" "http"://"localhost:5263""""/api/Promotion/1""" - 404 null "text/plain; charset=utf-8" 4693.3548ms (74253ad3)
2024-06-17T23:25:46.6512066-03:00  [INF] Now listening on: "http://localhost:5263" (d826f4b8)
2024-06-17T23:25:46.8219539-03:00  [INF] Application started. Press Ctrl+C to shut down. (dcaefe54)
2024-06-17T23:25:46.8253183-03:00  [INF] Hosting environment: "Development" (bc5a1a4e)
2024-06-17T23:25:46.8281842-03:00  [INF] Content root path: "C:\Users\USER\source\repos\ApiTF\ApiTF" (cc26f24e)
2024-06-17T23:25:47.1441575-03:00 0HN4F7NR4OCU7:00000001 [INF] Request starting "HTTP/1.1" "GET" "http"://"localhost:5263""""/swagger/index.html""" - null null (d509f86a)
2024-06-17T23:25:47.5799848-03:00 0HN4F7NR4OCU7:00000001 [INF] Request finished "HTTP/1.1" "GET" "http"://"localhost:5263""""/swagger/index.html""" - 200 null "text/html;charset=utf-8" 445.5738ms (74253ad3)
2024-06-17T23:25:47.5973488-03:00 0HN4F7NR4OCU7:00000002 [INF] Request starting "HTTP/1.1" "GET" "http"://"localhost:5263""""/_framework/aspnetcore-browser-refresh.js""" - null null (d509f86a)
2024-06-17T23:25:47.6010334-03:00 0HN4F7NR4OCU7:00000002 [INF] Request finished "HTTP/1.1" "GET" "http"://"localhost:5263""""/_framework/aspnetcore-browser-refresh.js""" - 200 13746 "application/javascript; charset=utf-8" 3.9928ms (74253ad3)
2024-06-17T23:25:47.6222658-03:00 0HN4F7NR4OCU7:00000003 [INF] Request starting "HTTP/1.1" "GET" "http"://"localhost:5263""""/_vs/browserLink""" - null null (d509f86a)
2024-06-17T23:25:47.6745355-03:00 0HN4F7NR4OCU7:00000003 [INF] Request finished "HTTP/1.1" "GET" "http"://"localhost:5263""""/_vs/browserLink""" - 200 null "text/javascript; charset=UTF-8" 52.2863ms (74253ad3)
2024-06-17T23:25:47.7628091-03:00 0HN4F7NR4OCU7:00000004 [INF] Request starting "HTTP/1.1" "GET" "http"://"localhost:5263""""/swagger/v1/swagger.json""" - null null (d509f86a)
2024-06-17T23:25:47.9798648-03:00 0HN4F7NR4OCU7:00000004 [INF] Request finished "HTTP/1.1" "GET" "http"://"localhost:5263""""/swagger/v1/swagger.json""" - 200 null "application/json;charset=utf-8" 217.0264ms (74253ad3)
2024-06-17T23:30:29.2370799-03:00  [INF] Now listening on: "http://localhost:5263" (d826f4b8)
2024-06-17T23:30:29.3185418-03:00  [INF] Application started. Press Ctrl+C to shut down. (dcaefe54)
2024-06-17T23:30:29.3208476-03:00  [INF] Hosting environment: "Development" (bc5a1a4e)
2024-06-17T23:30:29.3227182-03:00  [INF] Content root path: "C:\Users\USER\source\repos\ApiTF\ApiTF" (cc26f24e)
2024-06-17T23:30:30.0503543-03:00 0HN4F7QFEO3Q8:00000001 [INF] Request starting "HTTP/1.1" "GET" "http"://"localhost:5263""""/swagger/index.html""" - null null (d509f86a)
2024-06-17T23:30:30.5721309-03:00 0HN4F7QFEO3Q8:00000001 [INF] Request finished "HTTP/1.1" "GET" "http"://"localhost:5263""""/swagger/index.html""" - 200 null "text/html;charset=utf-8" 530.1525ms (74253ad3)
2024-06-17T23:30:30.5969354-03:00 0HN4F7QFEO3Q8:00000002 [INF] Request starting "HTTP/1.1" "GET" "http"://"localhost:5263""""/_framework/aspnetcore-browser-refresh.js""" - null null (d509f86a)
2024-06-17T23:30:30.6034106-03:00 0HN4F7QFEO3Q8:00000002 [INF] Request finished "HTTP/1.1" "GET" "http"://"localhost:5263""""/_framework/aspnetcore-browser-refresh.js""" - 200 13746 "application/javascript; charset=utf-8" 6.7453ms (74253ad3)
2024-06-17T23:30:30.6298240-03:00 0HN4F7QFEO3Q8:00000003 [INF] Request starting "HTTP/1.1" "GET" "http"://"localhost:5263""""/_vs/browserLink""" - null null (d509f86a)
2024-06-17T23:30:30.7017963-03:00 0HN4F7QFEO3Q8:00000003 [INF] Request finished "HTTP/1.1" "GET" "http"://"localhost:5263""""/_vs/browserLink""" - 200 null "text/javascript; charset=UTF-8" 72.1333ms (74253ad3)
2024-06-17T23:30:30.8031110-03:00 0HN4F7QFEO3Q8:00000004 [INF] Request starting "HTTP/1.1" "GET" "http"://"localhost:5263""""/swagger/v1/swagger.json""" - null null (d509f86a)
2024-06-17T23:30:31.0384576-03:00 0HN4F7QFEO3Q8:00000004 [INF] Request finished "HTTP/1.1" "GET" "http"://"localhost:5263""""/swagger/v1/swagger.json""" - 200 null "application/json;charset=utf-8" 235.4976ms (74253ad3)
2024-06-17T23:35:40.7279909-03:00 0HN4F7QFEO3QA:00000001 [INF] Request starting "HTTP/1.1" "POST" "http"://"localhost:5263""""/api/Promotion""" - "application/json" 143 (d509f86a)
2024-06-17T23:35:40.7433574-03:00 0HN4F7QFEO3QA:00000001 [INF] Executing endpoint '"ApiTF.Controllers.PromotionController.Insert (ApiTF)"' (500cc934)
2024-06-17T23:35:40.8052712-03:00 0HN4F7QFEO3QA:00000001 [INF] Route matched with "{action = \"Insert\", controller = \"Promotion\"}". Executing controller action with signature "Microsoft.AspNetCore.Mvc.ActionResult`1[ApiTF.BaseDados.Models.TbPromotion] Insert(ApiTF.Services.DTOs.PromotionDTO)" on controller "ApiTF.Controllers.PromotionController" ("ApiTF"). (122b2fdf)
2024-06-17T23:35:41.5550769-03:00 0HN4F7QFEO3QA:00000001 [INF] Executing "BadRequestObjectResult", writing value of type '"Microsoft.AspNetCore.Mvc.ValidationProblemDetails"'. (605b4265)
2024-06-17T23:35:41.6030950-03:00 0HN4F7QFEO3QA:00000001 [INF] Executed action "ApiTF.Controllers.PromotionController.Insert (ApiTF)" in 789.4975ms (afa2e885)
2024-06-17T23:35:41.6034176-03:00 0HN4F7QFEO3QA:00000001 [INF] Executed endpoint '"ApiTF.Controllers.PromotionController.Insert (ApiTF)"' (99874f2b)
2024-06-17T23:35:41.6068253-03:00 0HN4F7QFEO3QA:00000001 [INF] Request finished "HTTP/1.1" "POST" "http"://"localhost:5263""""/api/Promotion""" - 400 null "application/problem+json; charset=utf-8" 879.0465ms (74253ad3)
2024-06-17T23:35:51.5341505-03:00 0HN4F7QFEO3QB:00000001 [INF] Request starting "HTTP/1.1" "POST" "http"://"localhost:5263""""/api/Promotion""" - "application/json" 143 (d509f86a)
2024-06-17T23:35:51.5364321-03:00 0HN4F7QFEO3QB:00000001 [INF] Executing endpoint '"ApiTF.Controllers.PromotionController.Insert (ApiTF)"' (500cc934)
2024-06-17T23:35:51.5370407-03:00 0HN4F7QFEO3QB:00000001 [INF] Route matched with "{action = \"Insert\", controller = \"Promotion\"}". Executing controller action with signature "Microsoft.AspNetCore.Mvc.ActionResult`1[ApiTF.BaseDados.Models.TbPromotion] Insert(ApiTF.Services.DTOs.PromotionDTO)" on controller "ApiTF.Controllers.PromotionController" ("ApiTF"). (122b2fdf)
2024-06-17T23:35:51.5554635-03:00 0HN4F7QFEO3QB:00000001 [INF] Executing "BadRequestObjectResult", writing value of type '"Microsoft.AspNetCore.Mvc.ValidationProblemDetails"'. (605b4265)
2024-06-17T23:35:51.5562400-03:00 0HN4F7QFEO3QB:00000001 [INF] Executed action "ApiTF.Controllers.PromotionController.Insert (ApiTF)" in 19.0431ms (afa2e885)
2024-06-17T23:35:51.5563289-03:00 0HN4F7QFEO3QB:00000001 [INF] Executed endpoint '"ApiTF.Controllers.PromotionController.Insert (ApiTF)"' (99874f2b)
2024-06-17T23:35:51.5565695-03:00 0HN4F7QFEO3QB:00000001 [INF] Request finished "HTTP/1.1" "POST" "http"://"localhost:5263""""/api/Promotion""" - 400 null "application/problem+json; charset=utf-8" 22.5124ms (74253ad3)
2024-06-17T23:37:16.9174429-03:00 0HN4F7QFEO3QC:00000001 [INF] Request starting "HTTP/1.1" "POST" "http"://"localhost:5263""""/api/Promotion""" - "application/json" 145 (d509f86a)
2024-06-17T23:37:16.9252068-03:00 0HN4F7QFEO3QC:00000001 [INF] Executing endpoint '"ApiTF.Controllers.PromotionController.Insert (ApiTF)"' (500cc934)
2024-06-17T23:37:16.9255815-03:00 0HN4F7QFEO3QC:00000001 [INF] Route matched with "{action = \"Insert\", controller = \"Promotion\"}". Executing controller action with signature "Microsoft.AspNetCore.Mvc.ActionResult`1[ApiTF.BaseDados.Models.TbPromotion] Insert(ApiTF.Services.DTOs.PromotionDTO)" on controller "ApiTF.Controllers.PromotionController" ("ApiTF"). (122b2fdf)
2024-06-17T23:37:19.4333953-03:00 0HN4F7QFEO3QC:00000001 [INF] Executed DbCommand ("110"ms) [Parameters=["@__productId_0='?' (DbType = Int32)"], CommandType='Text', CommandTimeout='30']"
""SELECT EXISTS (
    SELECT 1
    FROM tb_products AS t
    WHERE t.id = @__productId_0)" (0723d8ff)
2024-06-17T23:37:19.9598368-03:00 0HN4F7QFEO3QC:00000001 [ERR] Failed executing DbCommand ("13"ms) [Parameters=["@p0='?' (DbType = DateTime2), @p1='?' (DbType = Int32), @p2='?' (DbType = DateTime2), @p3='?' (DbType = Decimal)"], CommandType='Text', CommandTimeout='30']"
""INSERT INTO tb_promotions (enddate, productid, startdate, value)
VALUES (@p0, @p1, @p2, @p3)
RETURNING id, promotiontype;" (627a98df)
2024-06-17T23:37:20.1805757-03:00 0HN4F7QFEO3QC:00000001 [ERR] An exception occurred in the database while saving changes for context type '"ApiTF.BaseDados.Models.TfDbContext"'."
""Microsoft.EntityFrameworkCore.DbUpdateException: An error occurred while saving the entity changes. See the inner exception for details.
 ---> System.ArgumentException: Cannot write DateTime with Kind=UTC to PostgreSQL type 'timestamp without time zone', consider using 'timestamp with time zone'. Note that it's not possible to mix DateTimes with different Kinds in an array, range, or multirange. (Parameter 'value')
   at Npgsql.Internal.Converters.DateTimeConverterResolver`1.Get(DateTime value, Nullable`1 expectedPgTypeId, Boolean validateOnly)
   at Npgsql.Internal.Converters.DateTimeConverterResolver.<>c.<CreateResolver>b__0_0(DateTimeConverterResolver`1 resolver, DateTime value, Nullable`1 expectedPgTypeId)
   at Npgsql.Internal.Converters.DateTimeConverterResolver`1.Get(T value, Nullable`1 expectedPgTypeId)
   at Npgsql.Internal.PgConverterResolver`1.GetAsObjectInternal(PgTypeInfo typeInfo, Object value, Nullable`1 expectedPgTypeId)
   at Npgsql.Internal.PgResolverTypeInfo.GetResolutionAsObject(Object value, Nullable`1 expectedPgTypeId)
   at Npgsql.Internal.PgTypeInfo.GetObjectResolution(Object value)
   at Npgsql.NpgsqlParameter.ResolveConverter(PgTypeInfo typeInfo)
   at Npgsql.NpgsqlParameter.ResolveTypeInfo(PgSerializerOptions options)
   at Npgsql.NpgsqlParameterCollection.ProcessParameters(PgSerializerOptions options, Boolean validateValues, CommandType commandType)
   at Npgsql.NpgsqlCommand.ExecuteReader(Boolean async, CommandBehavior behavior, CancellationToken cancellationToken)
   at Npgsql.NpgsqlCommand.ExecuteReader(Boolean async, CommandBehavior behavior, CancellationToken cancellationToken)
   at Npgsql.NpgsqlCommand.ExecuteReader(CommandBehavior behavior)
   at Npgsql.NpgsqlCommand.ExecuteDbDataReader(CommandBehavior behavior)
   at Microsoft.EntityFrameworkCore.Storage.RelationalCommand.ExecuteReader(RelationalCommandParameterObject parameterObject)
   at Microsoft.EntityFrameworkCore.Update.ReaderModificationCommandBatch.Execute(IRelationalConnection connection)
   --- End of inner exception stack trace ---
   at Microsoft.EntityFrameworkCore.Update.ReaderModificationCommandBatch.Execute(IRelationalConnection connection)
   at Microsoft.EntityFrameworkCore.Update.Internal.BatchExecutor.Execute(IEnumerable`1 commandBatches, IRelationalConnection connection)
   at Microsoft.EntityFrameworkCore.Storage.RelationalDatabase.SaveChanges(IList`1 entries)
   at Microsoft.EntityFrameworkCore.ChangeTracking.Internal.StateManager.SaveChanges(IList`1 entriesToSave)
   at Microsoft.EntityFrameworkCore.ChangeTracking.Internal.StateManager.SaveChanges(StateManager stateManager, Boolean acceptAllChangesOnSuccess)
   at Microsoft.EntityFrameworkCore.ChangeTracking.Internal.StateManager.<>c.<SaveChanges>b__112_0(DbContext _, ValueTuple`2 t)
   at Npgsql.EntityFrameworkCore.PostgreSQL.Storage.Internal.NpgsqlExecutionStrategy.Execute[TState,TResult](TState state, Func`3 operation, Func`3 verifySucceeded)
   at Microsoft.EntityFrameworkCore.ChangeTracking.Internal.StateManager.SaveChanges(Boolean acceptAllChangesOnSuccess)
   at Microsoft.EntityFrameworkCore.DbContext.SaveChanges(Boolean acceptAllChangesOnSuccess)" (170f029e)
Microsoft.EntityFrameworkCore.DbUpdateException: An error occurred while saving the entity changes. See the inner exception for details.
 ---> System.ArgumentException: Cannot write DateTime with Kind=UTC to PostgreSQL type 'timestamp without time zone', consider using 'timestamp with time zone'. Note that it's not possible to mix DateTimes with different Kinds in an array, range, or multirange. (Parameter 'value')
   at Npgsql.Internal.Converters.DateTimeConverterResolver`1.Get(DateTime value, Nullable`1 expectedPgTypeId, Boolean validateOnly)
   at Npgsql.Internal.Converters.DateTimeConverterResolver.<>c.<CreateResolver>b__0_0(DateTimeConverterResolver`1 resolver, DateTime value, Nullable`1 expectedPgTypeId)
   at Npgsql.Internal.Converters.DateTimeConverterResolver`1.Get(T value, Nullable`1 expectedPgTypeId)
   at Npgsql.Internal.PgConverterResolver`1.GetAsObjectInternal(PgTypeInfo typeInfo, Object value, Nullable`1 expectedPgTypeId)
   at Npgsql.Internal.PgResolverTypeInfo.GetResolutionAsObject(Object value, Nullable`1 expectedPgTypeId)
   at Npgsql.Internal.PgTypeInfo.GetObjectResolution(Object value)
   at Npgsql.NpgsqlParameter.ResolveConverter(PgTypeInfo typeInfo)
   at Npgsql.NpgsqlParameter.ResolveTypeInfo(PgSerializerOptions options)
   at Npgsql.NpgsqlParameterCollection.ProcessParameters(PgSerializerOptions options, Boolean validateValues, CommandType commandType)
   at Npgsql.NpgsqlCommand.ExecuteReader(Boolean async, CommandBehavior behavior, CancellationToken cancellationToken)
   at Npgsql.NpgsqlCommand.ExecuteReader(Boolean async, CommandBehavior behavior, CancellationToken cancellationToken)
   at Npgsql.NpgsqlCommand.ExecuteReader(CommandBehavior behavior)
   at Npgsql.NpgsqlCommand.ExecuteDbDataReader(CommandBehavior behavior)
   at Microsoft.EntityFrameworkCore.Storage.RelationalCommand.ExecuteReader(RelationalCommandParameterObject parameterObject)
   at Microsoft.EntityFrameworkCore.Update.ReaderModificationCommandBatch.Execute(IRelationalConnection connection)
   --- End of inner exception stack trace ---
   at Microsoft.EntityFrameworkCore.Update.ReaderModificationCommandBatch.Execute(IRelationalConnection connection)
   at Microsoft.EntityFrameworkCore.Update.Internal.BatchExecutor.Execute(IEnumerable`1 commandBatches, IRelationalConnection connection)
   at Microsoft.EntityFrameworkCore.Storage.RelationalDatabase.SaveChanges(IList`1 entries)
   at Microsoft.EntityFrameworkCore.ChangeTracking.Internal.StateManager.SaveChanges(IList`1 entriesToSave)
   at Microsoft.EntityFrameworkCore.ChangeTracking.Internal.StateManager.SaveChanges(StateManager stateManager, Boolean acceptAllChangesOnSuccess)
   at Microsoft.EntityFrameworkCore.ChangeTracking.Internal.StateManager.<>c.<SaveChanges>b__112_0(DbContext _, ValueTuple`2 t)
   at Npgsql.EntityFrameworkCore.PostgreSQL.Storage.Internal.NpgsqlExecutionStrategy.Execute[TState,TResult](TState state, Func`3 operation, Func`3 verifySucceeded)
   at Microsoft.EntityFrameworkCore.ChangeTracking.Internal.StateManager.SaveChanges(Boolean acceptAllChangesOnSuccess)
   at Microsoft.EntityFrameworkCore.DbContext.SaveChanges(Boolean acceptAllChangesOnSuccess)
   at Microsoft.EntityFrameworkCore.DbContext.SaveChanges()
   at ApiTF.Services.PromotionService.Insert(PromotionDTO dto) in C:\Users\USER\source\repos\ApiTF\ApiTF\Services\PromotionService.cs:line 34
   at ApiTF.Controllers.PromotionController.Insert(PromotionDTO promotion) in C:\Users\USER\source\repos\ApiTF\ApiTF\Controllers\PromotionController.cs:line 36
2024-06-17T23:37:20.3606753-03:00 0HN4F7QFEO3QC:00000001 [INF] Executing "ObjectResult", writing value of type '"<>f__AnonymousType1`1[[System.String, System.Private.CoreLib, Version=8.0.0.0, Culture=neutral, PublicKeyToken=7cec85d7bea7798e]]"'. (605b4265)
2024-06-17T23:37:20.3648570-03:00 0HN4F7QFEO3QC:00000001 [INF] Executed action "ApiTF.Controllers.PromotionController.Insert (ApiTF)" in 3439.1009ms (afa2e885)
2024-06-17T23:37:20.3649969-03:00 0HN4F7QFEO3QC:00000001 [INF] Executed endpoint '"ApiTF.Controllers.PromotionController.Insert (ApiTF)"' (99874f2b)
2024-06-17T23:37:20.3796082-03:00 0HN4F7QFEO3QC:00000001 [INF] Request finished "HTTP/1.1" "POST" "http"://"localhost:5263""""/api/Promotion""" - 500 null "application/json; charset=utf-8" 3462.3003ms (74253ad3)
2024-06-17T23:38:06.1665194-03:00 0HN4F7QFEO3QC:00000002 [INF] Request starting "HTTP/1.1" "POST" "http"://"localhost:5263""""/api/Promotion""" - "application/json" 135 (d509f86a)
2024-06-17T23:38:06.1706640-03:00 0HN4F7QFEO3QC:00000002 [INF] Executing endpoint '"ApiTF.Controllers.PromotionController.Insert (ApiTF)"' (500cc934)
2024-06-17T23:38:06.1709148-03:00 0HN4F7QFEO3QC:00000002 [INF] Route matched with "{action = \"Insert\", controller = \"Promotion\"}". Executing controller action with signature "Microsoft.AspNetCore.Mvc.ActionResult`1[ApiTF.BaseDados.Models.TbPromotion] Insert(ApiTF.Services.DTOs.PromotionDTO)" on controller "ApiTF.Controllers.PromotionController" ("ApiTF"). (122b2fdf)
2024-06-17T23:38:06.1742979-03:00 0HN4F7QFEO3QC:00000002 [INF] Executing "BadRequestObjectResult", writing value of type '"Microsoft.AspNetCore.Mvc.ValidationProblemDetails"'. (605b4265)
2024-06-17T23:38:06.1746985-03:00 0HN4F7QFEO3QC:00000002 [INF] Executed action "ApiTF.Controllers.PromotionController.Insert (ApiTF)" in 3.6405ms (afa2e885)
2024-06-17T23:38:06.1747850-03:00 0HN4F7QFEO3QC:00000002 [INF] Executed endpoint '"ApiTF.Controllers.PromotionController.Insert (ApiTF)"' (99874f2b)
2024-06-17T23:38:06.1751062-03:00 0HN4F7QFEO3QC:00000002 [INF] Request finished "HTTP/1.1" "POST" "http"://"localhost:5263""""/api/Promotion""" - 400 null "application/problem+json; charset=utf-8" 51.2562ms (74253ad3)
2024-06-17T23:38:44.2326712-03:00 0HN4F7QFEO3QD:00000001 [INF] Request starting "HTTP/1.1" "POST" "http"://"localhost:5263""""/api/Promotion""" - "application/json" 132 (d509f86a)
2024-06-17T23:38:44.2331793-03:00 0HN4F7QFEO3QD:00000001 [INF] Executing endpoint '"ApiTF.Controllers.PromotionController.Insert (ApiTF)"' (500cc934)
2024-06-17T23:38:44.2333867-03:00 0HN4F7QFEO3QD:00000001 [INF] Route matched with "{action = \"Insert\", controller = \"Promotion\"}". Executing controller action with signature "Microsoft.AspNetCore.Mvc.ActionResult`1[ApiTF.BaseDados.Models.TbPromotion] Insert(ApiTF.Services.DTOs.PromotionDTO)" on controller "ApiTF.Controllers.PromotionController" ("ApiTF"). (122b2fdf)
2024-06-17T23:38:44.2369381-03:00 0HN4F7QFEO3QD:00000001 [INF] Executing "BadRequestObjectResult", writing value of type '"Microsoft.AspNetCore.Mvc.ValidationProblemDetails"'. (605b4265)
2024-06-17T23:38:44.2374730-03:00 0HN4F7QFEO3QD:00000001 [INF] Executed action "ApiTF.Controllers.PromotionController.Insert (ApiTF)" in 3.9276ms (afa2e885)
2024-06-17T23:38:44.2376109-03:00 0HN4F7QFEO3QD:00000001 [INF] Executed endpoint '"ApiTF.Controllers.PromotionController.Insert (ApiTF)"' (99874f2b)
2024-06-17T23:38:44.2379616-03:00 0HN4F7QFEO3QD:00000001 [INF] Request finished "HTTP/1.1" "POST" "http"://"localhost:5263""""/api/Promotion""" - 400 null "application/problem+json; charset=utf-8" 5.3641ms (74253ad3)
2024-06-17T23:44:16.6090272-03:00  [INF] Now listening on: "http://localhost:5263" (d826f4b8)
2024-06-17T23:44:16.7180079-03:00  [INF] Application started. Press Ctrl+C to shut down. (dcaefe54)
2024-06-17T23:44:16.7228655-03:00  [INF] Hosting environment: "Development" (bc5a1a4e)
2024-06-17T23:44:16.7267881-03:00  [INF] Content root path: "C:\Users\USER\source\repos\ApiTF\ApiTF" (cc26f24e)
2024-06-17T23:44:17.4611477-03:00 0HN4F8261CGEI:00000001 [INF] Request starting "HTTP/1.1" "GET" "http"://"localhost:5263""""/swagger/index.html""" - null null (d509f86a)
2024-06-17T23:44:17.8631534-03:00 0HN4F8261CGEI:00000001 [INF] Request finished "HTTP/1.1" "GET" "http"://"localhost:5263""""/swagger/index.html""" - 200 null "text/html;charset=utf-8" 409.3268ms (74253ad3)
2024-06-17T23:44:17.9077348-03:00 0HN4F8261CGEI:00000002 [INF] Request starting "HTTP/1.1" "GET" "http"://"localhost:5263""""/_framework/aspnetcore-browser-refresh.js""" - null null (d509f86a)
2024-06-17T23:44:17.9077393-03:00 0HN4F8261CGEH:00000001 [INF] Request starting "HTTP/1.1" "GET" "http"://"localhost:5263""""/_vs/browserLink""" - null null (d509f86a)
2024-06-17T23:44:17.9107155-03:00 0HN4F8261CGEI:00000002 [INF] Request finished "HTTP/1.1" "GET" "http"://"localhost:5263""""/_framework/aspnetcore-browser-refresh.js""" - 200 13746 "application/javascript; charset=utf-8" 2.9696ms (74253ad3)
2024-06-17T23:44:17.9549937-03:00 0HN4F8261CGEH:00000001 [INF] Request finished "HTTP/1.1" "GET" "http"://"localhost:5263""""/_vs/browserLink""" - 200 null "text/javascript; charset=UTF-8" 47.1919ms (74253ad3)
2024-06-17T23:44:18.0283838-03:00 0HN4F8261CGEH:00000002 [INF] Request starting "HTTP/1.1" "GET" "http"://"localhost:5263""""/swagger/v1/swagger.json""" - null null (d509f86a)
2024-06-17T23:44:18.1868034-03:00 0HN4F8261CGEH:00000002 [INF] Request finished "HTTP/1.1" "GET" "http"://"localhost:5263""""/swagger/v1/swagger.json""" - 200 null "application/json;charset=utf-8" 158.4353ms (74253ad3)
2024-06-17T23:44:33.3772417-03:00 0HN4F8261CGEJ:00000001 [INF] Request starting "HTTP/1.1" "GET" "http"://"localhost:5263""""/description/CAMISA""" - null null (d509f86a)
2024-06-17T23:44:33.3928865-03:00 0HN4F8261CGEJ:00000001 [INF] Executing endpoint '"ApiTF.Controllers.ProductController.GetByDescription (ApiTF)"' (500cc934)
2024-06-17T23:44:33.4311483-03:00 0HN4F8261CGEJ:00000001 [INF] Route matched with "{action = \"GetByDescription\", controller = \"Product\"}". Executing controller action with signature "Microsoft.AspNetCore.Mvc.ActionResult`1[ApiTF.BaseDados.Models.TbProduct] GetByDescription(System.String)" on controller "ApiTF.Controllers.ProductController" ("ApiTF"). (122b2fdf)
2024-06-17T23:44:36.1821728-03:00 0HN4F8261CGEJ:00000001 [INF] Executed DbCommand ("112"ms) [Parameters=["@__description_0_contains='?'"], CommandType='Text', CommandTimeout='30']"
""SELECT t.id, t.barcode, t.barcodetype, t.costprice, t.description, t.price, t.stock
FROM tb_products AS t
WHERE t.description LIKE @__description_0_contains" (0723d8ff)
2024-06-17T23:44:36.3733477-03:00 0HN4F8261CGEJ:00000001 [INF] Executing "NotFoundObjectResult", writing value of type '"System.String"'. (605b4265)
2024-06-17T23:44:36.3832721-03:00 0HN4F8261CGEJ:00000001 [INF] Executed action "ApiTF.Controllers.ProductController.GetByDescription (ApiTF)" in 2943.404ms (afa2e885)
2024-06-17T23:44:36.3837545-03:00 0HN4F8261CGEJ:00000001 [INF] Executed endpoint '"ApiTF.Controllers.ProductController.GetByDescription (ApiTF)"' (99874f2b)
2024-06-17T23:44:36.4014412-03:00 0HN4F8261CGEJ:00000001 [INF] Request finished "HTTP/1.1" "GET" "http"://"localhost:5263""""/description/CAMISA""" - 404 null "text/plain; charset=utf-8" 3024.3259ms (74253ad3)
2024-06-17T23:44:42.0800820-03:00 0HN4F8261CGEJ:00000002 [INF] Request starting "HTTP/1.1" "GET" "http"://"localhost:5263""""/description/camisa""" - null null (d509f86a)
2024-06-17T23:44:42.0809518-03:00 0HN4F8261CGEJ:00000002 [INF] Executing endpoint '"ApiTF.Controllers.ProductController.GetByDescription (ApiTF)"' (500cc934)
2024-06-17T23:44:42.0815187-03:00 0HN4F8261CGEJ:00000002 [INF] Route matched with "{action = \"GetByDescription\", controller = \"Product\"}". Executing controller action with signature "Microsoft.AspNetCore.Mvc.ActionResult`1[ApiTF.BaseDados.Models.TbProduct] GetByDescription(System.String)" on controller "ApiTF.Controllers.ProductController" ("ApiTF"). (122b2fdf)
2024-06-17T23:44:42.1521447-03:00 0HN4F8261CGEJ:00000002 [INF] Executed DbCommand ("21"ms) [Parameters=["@__description_0_contains='?'"], CommandType='Text', CommandTimeout='30']"
""SELECT t.id, t.barcode, t.barcodetype, t.costprice, t.description, t.price, t.stock
FROM tb_products AS t
WHERE t.description LIKE @__description_0_contains" (0723d8ff)
2024-06-17T23:44:42.3159972-03:00 0HN4F8261CGEJ:00000002 [INF] Executing "OkObjectResult", writing value of type '"System.Collections.Generic.List`1[[ApiTF.BaseDados.Models.TbProduct, ApiTF, Version=1.0.0.0, Culture=neutral, PublicKeyToken=null]]"'. (605b4265)
2024-06-17T23:44:42.3547991-03:00 0HN4F8261CGEJ:00000002 [INF] Executed action "ApiTF.Controllers.ProductController.GetByDescription (ApiTF)" in 272.9904ms (afa2e885)
2024-06-17T23:44:42.3549622-03:00 0HN4F8261CGEJ:00000002 [INF] Executed endpoint '"ApiTF.Controllers.ProductController.GetByDescription (ApiTF)"' (99874f2b)
2024-06-17T23:44:42.3554710-03:00 0HN4F8261CGEJ:00000002 [INF] Request finished "HTTP/1.1" "GET" "http"://"localhost:5263""""/description/camisa""" - 200 null "application/json; charset=utf-8" 275.7022ms (74253ad3)
2024-06-17T23:45:34.6369139-03:00 0HN4F8261CGEK:00000001 [INF] Request starting "HTTP/1.1" "POST" "http"://"localhost:5263""""/api/Promotion""" - "application/json" 132 (d509f86a)
2024-06-17T23:45:34.6381461-03:00 0HN4F8261CGEK:00000001 [INF] Executing endpoint '"ApiTF.Controllers.PromotionController.Insert (ApiTF)"' (500cc934)
2024-06-17T23:45:34.6629921-03:00 0HN4F8261CGEK:00000001 [INF] Route matched with "{action = \"Insert\", controller = \"Promotion\"}". Executing controller action with signature "Microsoft.AspNetCore.Mvc.ActionResult`1[ApiTF.BaseDados.Models.TbPromotion] Insert(ApiTF.Services.DTOs.PromotionDTO)" on controller "ApiTF.Controllers.PromotionController" ("ApiTF"). (122b2fdf)
2024-06-17T23:45:34.7039222-03:00 0HN4F8261CGEK:00000001 [INF] Executing "BadRequestObjectResult", writing value of type '"Microsoft.AspNetCore.Mvc.ValidationProblemDetails"'. (605b4265)
2024-06-17T23:45:34.7465424-03:00 0HN4F8261CGEK:00000001 [INF] Executed action "ApiTF.Controllers.PromotionController.Insert (ApiTF)" in 83.3435ms (afa2e885)
2024-06-17T23:45:34.7467519-03:00 0HN4F8261CGEK:00000001 [INF] Executed endpoint '"ApiTF.Controllers.PromotionController.Insert (ApiTF)"' (99874f2b)
2024-06-17T23:45:34.7471699-03:00 0HN4F8261CGEK:00000001 [INF] Request finished "HTTP/1.1" "POST" "http"://"localhost:5263""""/api/Promotion""" - 400 null "application/problem+json; charset=utf-8" 110.2807ms (74253ad3)
2024-06-17T23:46:24.9586326-03:00 0HN4F8261CGEL:00000001 [INF] Request starting "HTTP/1.1" "POST" "http"://"localhost:5263""""/api/Promotion""" - "application/json" 142 (d509f86a)
2024-06-17T23:46:24.9670074-03:00 0HN4F8261CGEL:00000001 [INF] Executing endpoint '"ApiTF.Controllers.PromotionController.Insert (ApiTF)"' (500cc934)
2024-06-17T23:46:24.9674411-03:00 0HN4F8261CGEL:00000001 [INF] Route matched with "{action = \"Insert\", controller = \"Promotion\"}". Executing controller action with signature "Microsoft.AspNetCore.Mvc.ActionResult`1[ApiTF.BaseDados.Models.TbPromotion] Insert(ApiTF.Services.DTOs.PromotionDTO)" on controller "ApiTF.Controllers.PromotionController" ("ApiTF"). (122b2fdf)
2024-06-17T23:46:25.1696355-03:00 0HN4F8261CGEL:00000001 [INF] Executed DbCommand ("2"ms) [Parameters=["@__productId_0='?' (DbType = Int32)"], CommandType='Text', CommandTimeout='30']"
""SELECT EXISTS (
    SELECT 1
    FROM tb_products AS t
    WHERE t.id = @__productId_0)" (0723d8ff)
2024-06-17T23:46:25.4278677-03:00 0HN4F8261CGEL:00000001 [ERR] Failed executing DbCommand ("14"ms) [Parameters=["@p0='?' (DbType = DateTime2), @p1='?' (DbType = Int32), @p2='?' (DbType = DateTime2), @p3='?' (DbType = Decimal)"], CommandType='Text', CommandTimeout='30']"
""INSERT INTO tb_promotions (enddate, productid, startdate, value)
VALUES (@p0, @p1, @p2, @p3)
RETURNING id, promotiontype;" (627a98df)
2024-06-17T23:46:25.5160015-03:00 0HN4F8261CGEL:00000001 [ERR] An exception occurred in the database while saving changes for context type '"ApiTF.BaseDados.Models.TfDbContext"'."
""Microsoft.EntityFrameworkCore.DbUpdateException: An error occurred while saving the entity changes. See the inner exception for details.
 ---> System.ArgumentException: Cannot write DateTime with Kind=UTC to PostgreSQL type 'timestamp without time zone', consider using 'timestamp with time zone'. Note that it's not possible to mix DateTimes with different Kinds in an array, range, or multirange. (Parameter 'value')
   at Npgsql.Internal.Converters.DateTimeConverterResolver`1.Get(DateTime value, Nullable`1 expectedPgTypeId, Boolean validateOnly)
   at Npgsql.Internal.Converters.DateTimeConverterResolver.<>c.<CreateResolver>b__0_0(DateTimeConverterResolver`1 resolver, DateTime value, Nullable`1 expectedPgTypeId)
   at Npgsql.Internal.Converters.DateTimeConverterResolver`1.Get(T value, Nullable`1 expectedPgTypeId)
   at Npgsql.Internal.PgConverterResolver`1.GetAsObjectInternal(PgTypeInfo typeInfo, Object value, Nullable`1 expectedPgTypeId)
   at Npgsql.Internal.PgResolverTypeInfo.GetResolutionAsObject(Object value, Nullable`1 expectedPgTypeId)
   at Npgsql.Internal.PgTypeInfo.GetObjectResolution(Object value)
   at Npgsql.NpgsqlParameter.ResolveConverter(PgTypeInfo typeInfo)
   at Npgsql.NpgsqlParameter.ResolveTypeInfo(PgSerializerOptions options)
   at Npgsql.NpgsqlParameterCollection.ProcessParameters(PgSerializerOptions options, Boolean validateValues, CommandType commandType)
   at Npgsql.NpgsqlCommand.ExecuteReader(Boolean async, CommandBehavior behavior, CancellationToken cancellationToken)
   at Npgsql.NpgsqlCommand.ExecuteReader(Boolean async, CommandBehavior behavior, CancellationToken cancellationToken)
   at Npgsql.NpgsqlCommand.ExecuteReader(CommandBehavior behavior)
   at Npgsql.NpgsqlCommand.ExecuteDbDataReader(CommandBehavior behavior)
   at Microsoft.EntityFrameworkCore.Storage.RelationalCommand.ExecuteReader(RelationalCommandParameterObject parameterObject)
   at Microsoft.EntityFrameworkCore.Update.ReaderModificationCommandBatch.Execute(IRelationalConnection connection)
   --- End of inner exception stack trace ---
   at Microsoft.EntityFrameworkCore.Update.ReaderModificationCommandBatch.Execute(IRelationalConnection connection)
   at Microsoft.EntityFrameworkCore.Update.Internal.BatchExecutor.Execute(IEnumerable`1 commandBatches, IRelationalConnection connection)
   at Microsoft.EntityFrameworkCore.Storage.RelationalDatabase.SaveChanges(IList`1 entries)
   at Microsoft.EntityFrameworkCore.ChangeTracking.Internal.StateManager.SaveChanges(IList`1 entriesToSave)
   at Microsoft.EntityFrameworkCore.ChangeTracking.Internal.StateManager.SaveChanges(StateManager stateManager, Boolean acceptAllChangesOnSuccess)
   at Microsoft.EntityFrameworkCore.ChangeTracking.Internal.StateManager.<>c.<SaveChanges>b__112_0(DbContext _, ValueTuple`2 t)
   at Npgsql.EntityFrameworkCore.PostgreSQL.Storage.Internal.NpgsqlExecutionStrategy.Execute[TState,TResult](TState state, Func`3 operation, Func`3 verifySucceeded)
   at Microsoft.EntityFrameworkCore.ChangeTracking.Internal.StateManager.SaveChanges(Boolean acceptAllChangesOnSuccess)
   at Microsoft.EntityFrameworkCore.DbContext.SaveChanges(Boolean acceptAllChangesOnSuccess)" (170f029e)
Microsoft.EntityFrameworkCore.DbUpdateException: An error occurred while saving the entity changes. See the inner exception for details.
 ---> System.ArgumentException: Cannot write DateTime with Kind=UTC to PostgreSQL type 'timestamp without time zone', consider using 'timestamp with time zone'. Note that it's not possible to mix DateTimes with different Kinds in an array, range, or multirange. (Parameter 'value')
   at Npgsql.Internal.Converters.DateTimeConverterResolver`1.Get(DateTime value, Nullable`1 expectedPgTypeId, Boolean validateOnly)
   at Npgsql.Internal.Converters.DateTimeConverterResolver.<>c.<CreateResolver>b__0_0(DateTimeConverterResolver`1 resolver, DateTime value, Nullable`1 expectedPgTypeId)
   at Npgsql.Internal.Converters.DateTimeConverterResolver`1.Get(T value, Nullable`1 expectedPgTypeId)
   at Npgsql.Internal.PgConverterResolver`1.GetAsObjectInternal(PgTypeInfo typeInfo, Object value, Nullable`1 expectedPgTypeId)
   at Npgsql.Internal.PgResolverTypeInfo.GetResolutionAsObject(Object value, Nullable`1 expectedPgTypeId)
   at Npgsql.Internal.PgTypeInfo.GetObjectResolution(Object value)
   at Npgsql.NpgsqlParameter.ResolveConverter(PgTypeInfo typeInfo)
   at Npgsql.NpgsqlParameter.ResolveTypeInfo(PgSerializerOptions options)
   at Npgsql.NpgsqlParameterCollection.ProcessParameters(PgSerializerOptions options, Boolean validateValues, CommandType commandType)
   at Npgsql.NpgsqlCommand.ExecuteReader(Boolean async, CommandBehavior behavior, CancellationToken cancellationToken)
   at Npgsql.NpgsqlCommand.ExecuteReader(Boolean async, CommandBehavior behavior, CancellationToken cancellationToken)
   at Npgsql.NpgsqlCommand.ExecuteReader(CommandBehavior behavior)
   at Npgsql.NpgsqlCommand.ExecuteDbDataReader(CommandBehavior behavior)
   at Microsoft.EntityFrameworkCore.Storage.RelationalCommand.ExecuteReader(RelationalCommandParameterObject parameterObject)
   at Microsoft.EntityFrameworkCore.Update.ReaderModificationCommandBatch.Execute(IRelationalConnection connection)
   --- End of inner exception stack trace ---
   at Microsoft.EntityFrameworkCore.Update.ReaderModificationCommandBatch.Execute(IRelationalConnection connection)
   at Microsoft.EntityFrameworkCore.Update.Internal.BatchExecutor.Execute(IEnumerable`1 commandBatches, IRelationalConnection connection)
   at Microsoft.EntityFrameworkCore.Storage.RelationalDatabase.SaveChanges(IList`1 entries)
   at Microsoft.EntityFrameworkCore.ChangeTracking.Internal.StateManager.SaveChanges(IList`1 entriesToSave)
   at Microsoft.EntityFrameworkCore.ChangeTracking.Internal.StateManager.SaveChanges(StateManager stateManager, Boolean acceptAllChangesOnSuccess)
   at Microsoft.EntityFrameworkCore.ChangeTracking.Internal.StateManager.<>c.<SaveChanges>b__112_0(DbContext _, ValueTuple`2 t)
   at Npgsql.EntityFrameworkCore.PostgreSQL.Storage.Internal.NpgsqlExecutionStrategy.Execute[TState,TResult](TState state, Func`3 operation, Func`3 verifySucceeded)
   at Microsoft.EntityFrameworkCore.ChangeTracking.Internal.StateManager.SaveChanges(Boolean acceptAllChangesOnSuccess)
   at Microsoft.EntityFrameworkCore.DbContext.SaveChanges(Boolean acceptAllChangesOnSuccess)
   at Microsoft.EntityFrameworkCore.DbContext.SaveChanges()
   at ApiTF.Services.PromotionService.Insert(PromotionDTO dto) in C:\Users\USER\source\repos\ApiTF\ApiTF\Services\PromotionService.cs:line 34
   at ApiTF.Controllers.PromotionController.Insert(PromotionDTO promotion) in C:\Users\USER\source\repos\ApiTF\ApiTF\Controllers\PromotionController.cs:line 36
2024-06-17T23:46:25.6002297-03:00 0HN4F8261CGEL:00000001 [INF] Executing "ObjectResult", writing value of type '"<>f__AnonymousType1`1[[System.String, System.Private.CoreLib, Version=8.0.0.0, Culture=neutral, PublicKeyToken=7cec85d7bea7798e]]"'. (605b4265)
2024-06-17T23:46:25.6040929-03:00 0HN4F8261CGEL:00000001 [INF] Executed action "ApiTF.Controllers.PromotionController.Insert (ApiTF)" in 636.4947ms (afa2e885)
2024-06-17T23:46:25.6042692-03:00 0HN4F8261CGEL:00000001 [INF] Executed endpoint '"ApiTF.Controllers.PromotionController.Insert (ApiTF)"' (99874f2b)
2024-06-17T23:46:25.6052696-03:00 0HN4F8261CGEL:00000001 [INF] Request finished "HTTP/1.1" "POST" "http"://"localhost:5263""""/api/Promotion""" - 500 null "application/json; charset=utf-8" 680.1872ms (74253ad3)
2024-06-17T23:57:53.3706507-03:00  [INF] Now listening on: "http://localhost:5263" (d826f4b8)
2024-06-17T23:57:53.4486815-03:00  [INF] Application started. Press Ctrl+C to shut down. (dcaefe54)
2024-06-17T23:57:53.4514451-03:00  [INF] Hosting environment: "Development" (bc5a1a4e)
2024-06-17T23:57:53.4539332-03:00  [INF] Content root path: "C:\Users\USER\source\repos\ApiTF\ApiTF" (cc26f24e)
2024-06-17T23:57:54.0548893-03:00 0HN4F89PCK6A1:00000001 [INF] Request starting "HTTP/1.1" "GET" "http"://"localhost:5263""""/swagger/index.html""" - null null (d509f86a)
2024-06-17T23:57:54.5360191-03:00 0HN4F89PCK6A1:00000001 [INF] Request finished "HTTP/1.1" "GET" "http"://"localhost:5263""""/swagger/index.html""" - 200 null "text/html;charset=utf-8" 492.6325ms (74253ad3)
2024-06-17T23:57:54.6155091-03:00 0HN4F89PCK6A1:00000002 [INF] Request starting "HTTP/1.1" "GET" "http"://"localhost:5263""""/_framework/aspnetcore-browser-refresh.js""" - null null (d509f86a)
2024-06-17T23:57:54.6165455-03:00 0HN4F89PCK6A0:00000001 [INF] Request starting "HTTP/1.1" "GET" "http"://"localhost:5263""""/_vs/browserLink""" - null null (d509f86a)
2024-06-17T23:57:54.6205611-03:00 0HN4F89PCK6A1:00000002 [INF] Request finished "HTTP/1.1" "GET" "http"://"localhost:5263""""/_framework/aspnetcore-browser-refresh.js""" - 200 13746 "application/javascript; charset=utf-8" 4.528ms (74253ad3)
2024-06-17T23:57:54.7044758-03:00 0HN4F89PCK6A0:00000001 [INF] Request finished "HTTP/1.1" "GET" "http"://"localhost:5263""""/_vs/browserLink""" - 200 null "text/javascript; charset=UTF-8" 87.8846ms (74253ad3)
2024-06-17T23:57:54.7776361-03:00 0HN4F89PCK6A0:00000002 [INF] Request starting "HTTP/1.1" "GET" "http"://"localhost:5263""""/swagger/v1/swagger.json""" - null null (d509f86a)
2024-06-17T23:57:54.9318438-03:00 0HN4F89PCK6A0:00000002 [INF] Request finished "HTTP/1.1" "GET" "http"://"localhost:5263""""/swagger/v1/swagger.json""" - 200 null "application/json;charset=utf-8" 154.2911ms (74253ad3)
2024-06-17T23:58:54.4116343-03:00 0HN4F89PCK6A2:00000001 [INF] Request starting "HTTP/1.1" "POST" "http"://"localhost:5263""""/api/Promotion""" - "application/json" 143 (d509f86a)
2024-06-17T23:58:54.4239172-03:00 0HN4F89PCK6A2:00000001 [INF] Executing endpoint '"ApiTF.Controllers.PromotionController.Insert (ApiTF)"' (500cc934)
2024-06-17T23:58:54.4770330-03:00 0HN4F89PCK6A2:00000001 [INF] Route matched with "{action = \"Insert\", controller = \"Promotion\"}". Executing controller action with signature "Microsoft.AspNetCore.Mvc.ActionResult`1[ApiTF.BaseDados.Models.TbPromotion] Insert(ApiTF.Services.DTOs.PromotionDTO)" on controller "ApiTF.Controllers.PromotionController" ("ApiTF"). (122b2fdf)
2024-06-17T23:58:55.1569818-03:00 0HN4F89PCK6A2:00000001 [INF] Executing "BadRequestObjectResult", writing value of type '"Microsoft.AspNetCore.Mvc.ValidationProblemDetails"'. (605b4265)
2024-06-17T23:58:55.2056713-03:00 0HN4F89PCK6A2:00000001 [INF] Executed action "ApiTF.Controllers.PromotionController.Insert (ApiTF)" in 719.3558ms (afa2e885)
2024-06-17T23:58:55.2059541-03:00 0HN4F89PCK6A2:00000001 [INF] Executed endpoint '"ApiTF.Controllers.PromotionController.Insert (ApiTF)"' (99874f2b)
2024-06-17T23:58:55.2107956-03:00 0HN4F89PCK6A2:00000001 [INF] Request finished "HTTP/1.1" "POST" "http"://"localhost:5263""""/api/Promotion""" - 400 null "application/problem+json; charset=utf-8" 799.0767ms (74253ad3)
2024-06-17T23:59:22.7723045-03:00 0HN4F89PCK6A3:00000001 [INF] Request starting "HTTP/1.1" "POST" "http"://"localhost:5263""""/api/Promotion""" - "application/json" 145 (d509f86a)
2024-06-17T23:59:22.7741535-03:00 0HN4F89PCK6A3:00000001 [INF] Executing endpoint '"ApiTF.Controllers.PromotionController.Insert (ApiTF)"' (500cc934)
2024-06-17T23:59:22.7746902-03:00 0HN4F89PCK6A3:00000001 [INF] Route matched with "{action = \"Insert\", controller = \"Promotion\"}". Executing controller action with signature "Microsoft.AspNetCore.Mvc.ActionResult`1[ApiTF.BaseDados.Models.TbPromotion] Insert(ApiTF.Services.DTOs.PromotionDTO)" on controller "ApiTF.Controllers.PromotionController" ("ApiTF"). (122b2fdf)
2024-06-17T23:59:24.9148275-03:00 0HN4F89PCK6A3:00000001 [INF] Executed DbCommand ("118"ms) [Parameters=["@__productId_0='?' (DbType = Int32)"], CommandType='Text', CommandTimeout='30']"
""SELECT EXISTS (
    SELECT 1
    FROM tb_products AS t
    WHERE t.id = @__productId_0)" (0723d8ff)
2024-06-17T23:59:25.3086676-03:00 0HN4F89PCK6A3:00000001 [ERR] Failed executing DbCommand ("11"ms) [Parameters=["@p0='?' (DbType = DateTime2), @p1='?' (DbType = Int32), @p2='?' (DbType = DateTime2), @p3='?' (DbType = Decimal)"], CommandType='Text', CommandTimeout='30']"
""INSERT INTO tb_promotions (enddate, productid, startdate, value)
VALUES (@p0, @p1, @p2, @p3)
RETURNING id, promotiontype;" (627a98df)
2024-06-17T23:59:25.4051484-03:00 0HN4F89PCK6A3:00000001 [ERR] An exception occurred in the database while saving changes for context type '"ApiTF.BaseDados.Models.TfDbContext"'."
""Microsoft.EntityFrameworkCore.DbUpdateException: An error occurred while saving the entity changes. See the inner exception for details.
 ---> System.ArgumentException: Cannot write DateTime with Kind=UTC to PostgreSQL type 'timestamp without time zone', consider using 'timestamp with time zone'. Note that it's not possible to mix DateTimes with different Kinds in an array, range, or multirange. (Parameter 'value')
   at Npgsql.Internal.Converters.DateTimeConverterResolver`1.Get(DateTime value, Nullable`1 expectedPgTypeId, Boolean validateOnly)
   at Npgsql.Internal.Converters.DateTimeConverterResolver.<>c.<CreateResolver>b__0_0(DateTimeConverterResolver`1 resolver, DateTime value, Nullable`1 expectedPgTypeId)
   at Npgsql.Internal.Converters.DateTimeConverterResolver`1.Get(T value, Nullable`1 expectedPgTypeId)
   at Npgsql.Internal.PgConverterResolver`1.GetAsObjectInternal(PgTypeInfo typeInfo, Object value, Nullable`1 expectedPgTypeId)
   at Npgsql.Internal.PgResolverTypeInfo.GetResolutionAsObject(Object value, Nullable`1 expectedPgTypeId)
   at Npgsql.Internal.PgTypeInfo.GetObjectResolution(Object value)
   at Npgsql.NpgsqlParameter.ResolveConverter(PgTypeInfo typeInfo)
   at Npgsql.NpgsqlParameter.ResolveTypeInfo(PgSerializerOptions options)
   at Npgsql.NpgsqlParameterCollection.ProcessParameters(PgSerializerOptions options, Boolean validateValues, CommandType commandType)
   at Npgsql.NpgsqlCommand.ExecuteReader(Boolean async, CommandBehavior behavior, CancellationToken cancellationToken)
   at Npgsql.NpgsqlCommand.ExecuteReader(Boolean async, CommandBehavior behavior, CancellationToken cancellationToken)
   at Npgsql.NpgsqlCommand.ExecuteReader(CommandBehavior behavior)
   at Npgsql.NpgsqlCommand.ExecuteDbDataReader(CommandBehavior behavior)
   at Microsoft.EntityFrameworkCore.Storage.RelationalCommand.ExecuteReader(RelationalCommandParameterObject parameterObject)
   at Microsoft.EntityFrameworkCore.Update.ReaderModificationCommandBatch.Execute(IRelationalConnection connection)
   --- End of inner exception stack trace ---
   at Microsoft.EntityFrameworkCore.Update.ReaderModificationCommandBatch.Execute(IRelationalConnection connection)
   at Microsoft.EntityFrameworkCore.Update.Internal.BatchExecutor.Execute(IEnumerable`1 commandBatches, IRelationalConnection connection)
   at Microsoft.EntityFrameworkCore.Storage.RelationalDatabase.SaveChanges(IList`1 entries)
   at Microsoft.EntityFrameworkCore.ChangeTracking.Internal.StateManager.SaveChanges(IList`1 entriesToSave)
   at Microsoft.EntityFrameworkCore.ChangeTracking.Internal.StateManager.SaveChanges(StateManager stateManager, Boolean acceptAllChangesOnSuccess)
   at Microsoft.EntityFrameworkCore.ChangeTracking.Internal.StateManager.<>c.<SaveChanges>b__112_0(DbContext _, ValueTuple`2 t)
   at Npgsql.EntityFrameworkCore.PostgreSQL.Storage.Internal.NpgsqlExecutionStrategy.Execute[TState,TResult](TState state, Func`3 operation, Func`3 verifySucceeded)
   at Microsoft.EntityFrameworkCore.ChangeTracking.Internal.StateManager.SaveChanges(Boolean acceptAllChangesOnSuccess)
   at Microsoft.EntityFrameworkCore.DbContext.SaveChanges(Boolean acceptAllChangesOnSuccess)" (170f029e)
Microsoft.EntityFrameworkCore.DbUpdateException: An error occurred while saving the entity changes. See the inner exception for details.
 ---> System.ArgumentException: Cannot write DateTime with Kind=UTC to PostgreSQL type 'timestamp without time zone', consider using 'timestamp with time zone'. Note that it's not possible to mix DateTimes with different Kinds in an array, range, or multirange. (Parameter 'value')
   at Npgsql.Internal.Converters.DateTimeConverterResolver`1.Get(DateTime value, Nullable`1 expectedPgTypeId, Boolean validateOnly)
   at Npgsql.Internal.Converters.DateTimeConverterResolver.<>c.<CreateResolver>b__0_0(DateTimeConverterResolver`1 resolver, DateTime value, Nullable`1 expectedPgTypeId)
   at Npgsql.Internal.Converters.DateTimeConverterResolver`1.Get(T value, Nullable`1 expectedPgTypeId)
   at Npgsql.Internal.PgConverterResolver`1.GetAsObjectInternal(PgTypeInfo typeInfo, Object value, Nullable`1 expectedPgTypeId)
   at Npgsql.Internal.PgResolverTypeInfo.GetResolutionAsObject(Object value, Nullable`1 expectedPgTypeId)
   at Npgsql.Internal.PgTypeInfo.GetObjectResolution(Object value)
   at Npgsql.NpgsqlParameter.ResolveConverter(PgTypeInfo typeInfo)
   at Npgsql.NpgsqlParameter.ResolveTypeInfo(PgSerializerOptions options)
   at Npgsql.NpgsqlParameterCollection.ProcessParameters(PgSerializerOptions options, Boolean validateValues, CommandType commandType)
   at Npgsql.NpgsqlCommand.ExecuteReader(Boolean async, CommandBehavior behavior, CancellationToken cancellationToken)
   at Npgsql.NpgsqlCommand.ExecuteReader(Boolean async, CommandBehavior behavior, CancellationToken cancellationToken)
   at Npgsql.NpgsqlCommand.ExecuteReader(CommandBehavior behavior)
   at Npgsql.NpgsqlCommand.ExecuteDbDataReader(CommandBehavior behavior)
   at Microsoft.EntityFrameworkCore.Storage.RelationalCommand.ExecuteReader(RelationalCommandParameterObject parameterObject)
   at Microsoft.EntityFrameworkCore.Update.ReaderModificationCommandBatch.Execute(IRelationalConnection connection)
   --- End of inner exception stack trace ---
   at Microsoft.EntityFrameworkCore.Update.ReaderModificationCommandBatch.Execute(IRelationalConnection connection)
   at Microsoft.EntityFrameworkCore.Update.Internal.BatchExecutor.Execute(IEnumerable`1 commandBatches, IRelationalConnection connection)
   at Microsoft.EntityFrameworkCore.Storage.RelationalDatabase.SaveChanges(IList`1 entries)
   at Microsoft.EntityFrameworkCore.ChangeTracking.Internal.StateManager.SaveChanges(IList`1 entriesToSave)
   at Microsoft.EntityFrameworkCore.ChangeTracking.Internal.StateManager.SaveChanges(StateManager stateManager, Boolean acceptAllChangesOnSuccess)
   at Microsoft.EntityFrameworkCore.ChangeTracking.Internal.StateManager.<>c.<SaveChanges>b__112_0(DbContext _, ValueTuple`2 t)
   at Npgsql.EntityFrameworkCore.PostgreSQL.Storage.Internal.NpgsqlExecutionStrategy.Execute[TState,TResult](TState state, Func`3 operation, Func`3 verifySucceeded)
   at Microsoft.EntityFrameworkCore.ChangeTracking.Internal.StateManager.SaveChanges(Boolean acceptAllChangesOnSuccess)
   at Microsoft.EntityFrameworkCore.DbContext.SaveChanges(Boolean acceptAllChangesOnSuccess)
   at Microsoft.EntityFrameworkCore.DbContext.SaveChanges()
   at ApiTF.Services.PromotionService.Insert(PromotionDTO dto) in C:\Users\USER\source\repos\ApiTF\ApiTF\Services\PromotionService.cs:line 34
   at ApiTF.Controllers.PromotionController.Insert(PromotionDTO promotion) in C:\Users\USER\source\repos\ApiTF\ApiTF\Controllers\PromotionController.cs:line 36
2024-06-17T23:59:25.5624971-03:00 0HN4F89PCK6A3:00000001 [INF] Executing "ObjectResult", writing value of type '"<>f__AnonymousType1`1[[System.String, System.Private.CoreLib, Version=8.0.0.0, Culture=neutral, PublicKeyToken=7cec85d7bea7798e]]"'. (605b4265)
2024-06-17T23:59:25.5673870-03:00 0HN4F89PCK6A3:00000001 [INF] Executed action "ApiTF.Controllers.PromotionController.Insert (ApiTF)" in 2792.343ms (afa2e885)
2024-06-17T23:59:25.5676073-03:00 0HN4F89PCK6A3:00000001 [INF] Executed endpoint '"ApiTF.Controllers.PromotionController.Insert (ApiTF)"' (99874f2b)
2024-06-17T23:59:25.5858610-03:00 0HN4F89PCK6A3:00000001 [INF] Request finished "HTTP/1.1" "POST" "http"://"localhost:5263""""/api/Promotion""" - 500 null "application/json; charset=utf-8" 2813.673ms (74253ad3)
