2024-05-15T20:21:05.4432744-03:00  [INF] Now listening on: "http://localhost:5263" (d826f4b8)
2024-05-15T20:21:05.5052147-03:00  [INF] Application started. Press Ctrl+C to shut down. (dcaefe54)
2024-05-15T20:21:05.5135831-03:00  [INF] Hosting environment: "Development" (bc5a1a4e)
2024-05-15T20:21:05.5155106-03:00  [INF] Content root path: "C:\Users\USER\source\repos\ApiTF\ApiTF" (cc26f24e)
2024-05-15T20:21:06.1611378-03:00 0HN3L6MOSKQ1V:00000001 [INF] Request starting "HTTP/1.1" "GET" "http"://"localhost:5263""""/swagger/index.html""" - null null (d509f86a)
2024-05-15T20:21:06.8152278-03:00 0HN3L6MOSKQ1V:00000001 [INF] Request finished "HTTP/1.1" "GET" "http"://"localhost:5263""""/swagger/index.html""" - 200 null "text/html;charset=utf-8" 664.3177ms (74253ad3)
2024-05-15T20:21:06.8420812-03:00 0HN3L6MOSKQ1V:00000002 [INF] Request starting "HTTP/1.1" "GET" "http"://"localhost:5263""""/_framework/aspnetcore-browser-refresh.js""" - null null (d509f86a)
2024-05-15T20:21:06.8443711-03:00 0HN3L6MOSKQ20:00000001 [INF] Request starting "HTTP/1.1" "GET" "http"://"localhost:5263""""/_vs/browserLink""" - null null (d509f86a)
2024-05-15T20:21:06.8447666-03:00 0HN3L6MOSKQ1V:00000002 [INF] Request finished "HTTP/1.1" "GET" "http"://"localhost:5263""""/_framework/aspnetcore-browser-refresh.js""" - 200 13746 "application/javascript; charset=utf-8" 2.8996ms (74253ad3)
2024-05-15T20:21:06.8995181-03:00 0HN3L6MOSKQ20:00000001 [INF] Request finished "HTTP/1.1" "GET" "http"://"localhost:5263""""/_vs/browserLink""" - 200 null "text/javascript; charset=UTF-8" 55.1669ms (74253ad3)
2024-05-15T20:21:06.9657668-03:00 0HN3L6MOSKQ20:00000002 [INF] Request starting "HTTP/1.1" "GET" "http"://"localhost:5263""""/swagger/v1/swagger.json""" - null null (d509f86a)
2024-05-15T20:21:07.1093311-03:00 0HN3L6MOSKQ20:00000002 [INF] Request finished "HTTP/1.1" "GET" "http"://"localhost:5263""""/swagger/v1/swagger.json""" - 200 null "application/json;charset=utf-8" 143.5656ms (74253ad3)
2024-05-15T20:27:13.0563046-03:00  [INF] Now listening on: "http://localhost:5263" (d826f4b8)
2024-05-15T20:27:13.1684539-03:00  [INF] Application started. Press Ctrl+C to shut down. (dcaefe54)
2024-05-15T20:27:13.1995802-03:00  [INF] Hosting environment: "Development" (bc5a1a4e)
2024-05-15T20:27:13.2033719-03:00  [INF] Content root path: "C:\Users\USER\source\repos\ApiTF\ApiTF" (cc26f24e)
2024-05-15T20:27:13.5583747-03:00 0HN3L6Q6EBUMV:00000001 [INF] Request starting "HTTP/1.1" "GET" "http"://"localhost:5263""""/swagger/index.html""" - null null (d509f86a)
2024-05-15T20:27:13.9659538-03:00 0HN3L6Q6EBUMV:00000001 [INF] Request finished "HTTP/1.1" "GET" "http"://"localhost:5263""""/swagger/index.html""" - 200 null "text/html;charset=utf-8" 429.5087ms (74253ad3)
2024-05-15T20:27:14.0351614-03:00 0HN3L6Q6EBUN0:00000001 [INF] Request starting "HTTP/1.1" "GET" "http"://"localhost:5263""""/_vs/browserLink""" - null null (d509f86a)
2024-05-15T20:27:14.0351611-03:00 0HN3L6Q6EBUMV:00000002 [INF] Request starting "HTTP/1.1" "GET" "http"://"localhost:5263""""/_framework/aspnetcore-browser-refresh.js""" - null null (d509f86a)
2024-05-15T20:27:14.0376889-03:00 0HN3L6Q6EBUMV:00000002 [INF] Request finished "HTTP/1.1" "GET" "http"://"localhost:5263""""/_framework/aspnetcore-browser-refresh.js""" - 200 13746 "application/javascript; charset=utf-8" 2.436ms (74253ad3)
2024-05-15T20:27:14.0972863-03:00 0HN3L6Q6EBUN0:00000001 [INF] Request finished "HTTP/1.1" "GET" "http"://"localhost:5263""""/_vs/browserLink""" - 200 null "text/javascript; charset=UTF-8" 62.3514ms (74253ad3)
2024-05-15T20:27:14.2324282-03:00 0HN3L6Q6EBUN0:00000002 [INF] Request starting "HTTP/1.1" "GET" "http"://"localhost:5263""""/swagger/v1/swagger.json""" - null null (d509f86a)
2024-05-15T20:27:14.4406674-03:00 0HN3L6Q6EBUN0:00000002 [INF] Request finished "HTTP/1.1" "GET" "http"://"localhost:5263""""/swagger/v1/swagger.json""" - 200 null "application/json;charset=utf-8" 208.2663ms (74253ad3)
