2024-05-28T19:51:25.9952005-03:00  [INF] Now listening on: "http://localhost:5263" (d826f4b8)
2024-05-28T19:51:26.0675074-03:00  [INF] Application started. Press Ctrl+C to shut down. (dcaefe54)
2024-05-28T19:51:26.0763016-03:00  [INF] Hosting environment: "Development" (bc5a1a4e)
2024-05-28T19:51:26.0784982-03:00  [INF] Content root path: "C:\Users\USER\source\repos\ApiTF\ApiTF" (cc26f24e)
2024-05-28T19:51:26.8258451-03:00 0HN3VD2Q6UKR4:00000001 [INF] Request starting "HTTP/1.1" "GET" "http"://"localhost:5263""""/swagger""" - null null (d509f86a)
2024-05-28T19:51:27.5645220-03:00 0HN3VD2Q6UKR4:00000001 [INF] Request finished "HTTP/1.1" "GET" "http"://"localhost:5263""""/swagger""" - 301 0 null 752.4474ms (74253ad3)
2024-05-28T19:51:27.5664864-03:00 0HN3VD2Q6UKR4:00000002 [INF] Request starting "HTTP/1.1" "GET" "http"://"localhost:5263""""/swagger/index.html""" - null null (d509f86a)
2024-05-28T19:51:27.6220583-03:00 0HN3VD2Q6UKR4:00000002 [INF] Request finished "HTTP/1.1" "GET" "http"://"localhost:5263""""/swagger/index.html""" - 200 null "text/html;charset=utf-8" 55.7176ms (74253ad3)
2024-05-28T19:51:27.6986351-03:00 0HN3VD2Q6UKR4:00000003 [INF] Request starting "HTTP/1.1" "GET" "http"://"localhost:5263""""/swagger/swagger-ui.css""" - null null (d509f86a)
2024-05-28T19:51:27.7010743-03:00 0HN3VD2Q6UKR3:00000001 [INF] Request starting "HTTP/1.1" "GET" "http"://"localhost:5263""""/swagger/swagger-ui-bundle.js""" - null null (d509f86a)
2024-05-28T19:51:27.7046440-03:00 0HN3VD2Q6UKR5:00000001 [INF] Request starting "HTTP/1.1" "GET" "http"://"localhost:5263""""/swagger/swagger-ui-standalone-preset.js""" - null null (d509f86a)
2024-05-28T19:51:27.7056789-03:00 0HN3VD2Q6UKR6:00000001 [INF] Request starting "HTTP/1.1" "GET" "http"://"localhost:5263""""/_framework/aspnetcore-browser-refresh.js""" - null null (d509f86a)
2024-05-28T19:51:27.7144281-03:00 0HN3VD2Q6UKR7:00000001 [INF] Request starting "HTTP/1.1" "GET" "http"://"localhost:5263""""/_vs/browserLink""" - null null (d509f86a)
2024-05-28T19:51:27.7172994-03:00 0HN3VD2Q6UKR6:00000001 [INF] Request finished "HTTP/1.1" "GET" "http"://"localhost:5263""""/_framework/aspnetcore-browser-refresh.js""" - 200 13746 "application/javascript; charset=utf-8" 11.8101ms (74253ad3)
2024-05-28T19:51:27.7653034-03:00 0HN3VD2Q6UKR4:00000003 [INF] Sending file. Request path: '"/swagger-ui.css"'. Physical path: '"N/A"' (27b0a520)
2024-05-28T19:51:27.7653030-03:00 0HN3VD2Q6UKR5:00000001 [INF] Sending file. Request path: '"/swagger-ui-standalone-preset.js"'. Physical path: '"N/A"' (27b0a520)
2024-05-28T19:51:27.7687698-03:00 0HN3VD2Q6UKR5:00000001 [INF] Request finished "HTTP/1.1" "GET" "http"://"localhost:5263""""/swagger/swagger-ui-standalone-preset.js""" - 200 339486 "text/javascript" 66.0507ms (74253ad3)
2024-05-28T19:51:27.7687699-03:00 0HN3VD2Q6UKR4:00000003 [INF] Request finished "HTTP/1.1" "GET" "http"://"localhost:5263""""/swagger/swagger-ui.css""" - 200 143943 "text/css" 70.2953ms (74253ad3)
2024-05-28T19:51:27.7822727-03:00 0HN3VD2Q6UKR3:00000001 [INF] Sending file. Request path: '"/swagger-ui-bundle.js"'. Physical path: '"N/A"' (27b0a520)
2024-05-28T19:51:27.7826185-03:00 0HN3VD2Q6UKR3:00000001 [INF] Request finished "HTTP/1.1" "GET" "http"://"localhost:5263""""/swagger/swagger-ui-bundle.js""" - 200 1096145 "text/javascript" 81.5751ms (74253ad3)
2024-05-28T19:51:27.8010756-03:00 0HN3VD2Q6UKR7:00000001 [INF] Request finished "HTTP/1.1" "GET" "http"://"localhost:5263""""/_vs/browserLink""" - 200 null "text/javascript; charset=UTF-8" 86.7416ms (74253ad3)
2024-05-28T19:51:27.9765736-03:00 0HN3VD2Q6UKR7:00000002 [INF] Request starting "HTTP/1.1" "GET" "http"://"localhost:5263""""/swagger/v1/swagger.json""" - null null (d509f86a)
2024-05-28T19:51:28.1139263-03:00 0HN3VD2Q6UKR7:00000002 [INF] Request finished "HTTP/1.1" "GET" "http"://"localhost:5263""""/swagger/v1/swagger.json""" - 200 null "application/json;charset=utf-8" 137.3934ms (74253ad3)
2024-05-28T19:51:58.3294059-03:00 0HN3VD2Q6UKR8:00000001 [INF] Request starting "HTTP/1.1" "GET" "http"://"localhost:5263""""/api/Product/1""" - null null (d509f86a)
2024-05-28T19:51:58.3431076-03:00 0HN3VD2Q6UKR8:00000001 [INF] Executing endpoint '"ApiTF.Controllers.ProductController.GetById (ApiTF)"' (500cc934)
2024-05-28T19:51:58.3776010-03:00 0HN3VD2Q6UKR8:00000001 [INF] Route matched with "{action = \"GetById\", controller = \"Product\"}". Executing controller action with signature "Microsoft.AspNetCore.Mvc.ActionResult`1[ApiTF.BaseDados.Models.TbProduct] GetById(Int32)" on controller "ApiTF.Controllers.ProductController" ("ApiTF"). (122b2fdf)
2024-05-28T19:52:00.6292349-03:00 0HN3VD2Q6UKR8:00000001 [INF] Executed DbCommand ("68"ms) [Parameters=["@__id_0='?' (DbType = Int32)"], CommandType='Text', CommandTimeout='30']"
""SELECT t.id, t.barcode, t.barcodetype, t.costprice, t.description, t.price, t.stock
FROM tb_products AS t
WHERE t.id = @__id_0
LIMIT 1" (0723d8ff)
2024-05-28T19:52:00.7286360-03:00 0HN3VD2Q6UKR8:00000001 [INF] Executing "OkObjectResult", writing value of type '"ApiTF.BaseDados.Models.TbProduct"'. (605b4265)
2024-05-28T19:52:00.7546421-03:00 0HN3VD2Q6UKR8:00000001 [INF] Executed action "ApiTF.Controllers.ProductController.GetById (ApiTF)" in 2373.4678ms (afa2e885)
2024-05-28T19:52:00.7549656-03:00 0HN3VD2Q6UKR8:00000001 [INF] Executed endpoint '"ApiTF.Controllers.ProductController.GetById (ApiTF)"' (99874f2b)
2024-05-28T19:52:00.7637290-03:00 0HN3VD2Q6UKR8:00000001 [INF] Request finished "HTTP/1.1" "GET" "http"://"localhost:5263""""/api/Product/1""" - 200 null "application/json; charset=utf-8" 2434.497ms (74253ad3)
2024-05-28T19:52:18.9650130-03:00 0HN3VD2Q6UKR8:00000002 [INF] Request starting "HTTP/1.1" "GET" "http"://"localhost:5263""""/api/Product/1""" - null null (d509f86a)
2024-05-28T19:52:18.9667377-03:00 0HN3VD2Q6UKR8:00000002 [INF] Executing endpoint '"ApiTF.Controllers.ProductController.GetById (ApiTF)"' (500cc934)
2024-05-28T19:52:18.9672040-03:00 0HN3VD2Q6UKR8:00000002 [INF] Route matched with "{action = \"GetById\", controller = \"Product\"}". Executing controller action with signature "Microsoft.AspNetCore.Mvc.ActionResult`1[ApiTF.BaseDados.Models.TbProduct] GetById(Int32)" on controller "ApiTF.Controllers.ProductController" ("ApiTF"). (122b2fdf)
2024-05-28T19:52:18.9943909-03:00 0HN3VD2Q6UKR8:00000002 [INF] Executed DbCommand ("2"ms) [Parameters=["@__id_0='?' (DbType = Int32)"], CommandType='Text', CommandTimeout='30']"
""SELECT t.id, t.barcode, t.barcodetype, t.costprice, t.description, t.price, t.stock
FROM tb_products AS t
WHERE t.id = @__id_0
LIMIT 1" (0723d8ff)
2024-05-28T19:52:18.9954798-03:00 0HN3VD2Q6UKR8:00000002 [INF] Executing "OkObjectResult", writing value of type '"ApiTF.BaseDados.Models.TbProduct"'. (605b4265)
2024-05-28T19:52:18.9957466-03:00 0HN3VD2Q6UKR8:00000002 [INF] Executed action "ApiTF.Controllers.ProductController.GetById (ApiTF)" in 28.4196ms (afa2e885)
2024-05-28T19:52:18.9957958-03:00 0HN3VD2Q6UKR8:00000002 [INF] Executed endpoint '"ApiTF.Controllers.ProductController.GetById (ApiTF)"' (99874f2b)
2024-05-28T19:52:18.9959768-03:00 0HN3VD2Q6UKR8:00000002 [INF] Request finished "HTTP/1.1" "GET" "http"://"localhost:5263""""/api/Product/1""" - 200 null "application/json; charset=utf-8" 31.1119ms (74253ad3)
2024-05-28T20:04:01.8502821-03:00  [INF] Now listening on: "http://localhost:5263" (d826f4b8)
2024-05-28T20:04:01.9150000-03:00  [INF] Application started. Press Ctrl+C to shut down. (dcaefe54)
2024-05-28T20:04:01.9197029-03:00  [INF] Hosting environment: "Development" (bc5a1a4e)
2024-05-28T20:04:01.9212299-03:00  [INF] Content root path: "C:\Users\USER\source\repos\ApiTF\ApiTF" (cc26f24e)
2024-05-28T20:04:02.9969144-03:00 0HN3VD9RJH4CR:00000001 [INF] Request starting "HTTP/1.1" "GET" "http"://"localhost:5263""""/swagger/index.html""" - null null (d509f86a)
2024-05-28T20:04:03.3256843-03:00 0HN3VD9RJH4CR:00000001 [INF] Request finished "HTTP/1.1" "GET" "http"://"localhost:5263""""/swagger/index.html""" - 200 null "text/html;charset=utf-8" 341.9971ms (74253ad3)
2024-05-28T20:04:03.3563484-03:00 0HN3VD9RJH4CQ:00000001 [INF] Request starting "HTTP/1.1" "GET" "http"://"localhost:5263""""/_vs/browserLink""" - null null (d509f86a)
2024-05-28T20:04:03.3563414-03:00 0HN3VD9RJH4CR:00000002 [INF] Request starting "HTTP/1.1" "GET" "http"://"localhost:5263""""/_framework/aspnetcore-browser-refresh.js""" - null null (d509f86a)
2024-05-28T20:04:03.3586469-03:00 0HN3VD9RJH4CR:00000002 [INF] Request finished "HTTP/1.1" "GET" "http"://"localhost:5263""""/_framework/aspnetcore-browser-refresh.js""" - 200 13746 "application/javascript; charset=utf-8" 2.4844ms (74253ad3)
2024-05-28T20:04:03.4011671-03:00 0HN3VD9RJH4CQ:00000001 [INF] Request finished "HTTP/1.1" "GET" "http"://"localhost:5263""""/_vs/browserLink""" - 200 null "text/javascript; charset=UTF-8" 44.9376ms (74253ad3)
2024-05-28T20:04:03.5906075-03:00 0HN3VD9RJH4CQ:00000002 [INF] Request starting "HTTP/1.1" "GET" "http"://"localhost:5263""""/swagger/v1/swagger.json""" - null null (d509f86a)
2024-05-28T20:04:03.7172964-03:00 0HN3VD9RJH4CQ:00000002 [INF] Request finished "HTTP/1.1" "GET" "http"://"localhost:5263""""/swagger/v1/swagger.json""" - 200 null "application/json;charset=utf-8" 126.7467ms (74253ad3)
2024-05-28T20:09:49.5980618-03:00  [INF] Now listening on: "http://localhost:5263" (d826f4b8)
2024-05-28T20:09:49.6744365-03:00  [INF] Application started. Press Ctrl+C to shut down. (dcaefe54)
2024-05-28T20:09:49.6773228-03:00  [INF] Hosting environment: "Development" (bc5a1a4e)
2024-05-28T20:09:49.6807793-03:00  [INF] Content root path: "C:\Users\USER\source\repos\ApiTF\ApiTF" (cc26f24e)
2024-05-28T20:09:50.2472717-03:00 0HN3VDD33NE5G:00000001 [INF] Request starting "HTTP/1.1" "GET" "http"://"localhost:5263""""/swagger/index.html""" - null null (d509f86a)
2024-05-28T20:09:50.4935798-03:00 0HN3VDD33NE5G:00000001 [INF] Request finished "HTTP/1.1" "GET" "http"://"localhost:5263""""/swagger/index.html""" - 200 null "text/html;charset=utf-8" 257.0937ms (74253ad3)
2024-05-28T20:09:50.5031351-03:00 0HN3VDD33NE5G:00000002 [INF] Request starting "HTTP/1.1" "GET" "http"://"localhost:5263""""/_framework/aspnetcore-browser-refresh.js""" - null null (d509f86a)
2024-05-28T20:09:50.5059377-03:00 0HN3VDD33NE5G:00000002 [INF] Request finished "HTTP/1.1" "GET" "http"://"localhost:5263""""/_framework/aspnetcore-browser-refresh.js""" - 200 13746 "application/javascript; charset=utf-8" 2.9789ms (74253ad3)
2024-05-28T20:09:50.5143157-03:00 0HN3VDD33NE5G:00000003 [INF] Request starting "HTTP/1.1" "GET" "http"://"localhost:5263""""/_vs/browserLink""" - null null (d509f86a)
2024-05-28T20:09:50.5562340-03:00 0HN3VDD33NE5G:00000003 [INF] Request finished "HTTP/1.1" "GET" "http"://"localhost:5263""""/_vs/browserLink""" - 200 null "text/javascript; charset=UTF-8" 41.953ms (74253ad3)
2024-05-28T20:09:50.6225542-03:00 0HN3VDD33NE5G:00000004 [INF] Request starting "HTTP/1.1" "GET" "http"://"localhost:5263""""/swagger/v1/swagger.json""" - null null (d509f86a)
2024-05-28T20:09:50.7746738-03:00 0HN3VDD33NE5G:00000004 [INF] Request finished "HTTP/1.1" "GET" "http"://"localhost:5263""""/swagger/v1/swagger.json""" - 200 null "application/json;charset=utf-8" 152.1719ms (74253ad3)
2024-05-28T20:10:16.8978050-03:00  [INF] Now listening on: "http://localhost:5263" (d826f4b8)
2024-05-28T20:10:16.9943222-03:00  [INF] Application started. Press Ctrl+C to shut down. (dcaefe54)
2024-05-28T20:10:16.9970221-03:00  [INF] Hosting environment: "Development" (bc5a1a4e)
2024-05-28T20:10:16.9994721-03:00  [INF] Content root path: "C:\Users\USER\source\repos\ApiTF\ApiTF" (cc26f24e)
2024-05-28T20:10:17.5916159-03:00 0HN3VDDB8862Q:00000001 [INF] Request starting "HTTP/1.1" "GET" "http"://"localhost:5263""""/swagger/index.html""" - null null (d509f86a)
2024-05-28T20:10:17.8257725-03:00 0HN3VDDB8862Q:00000001 [INF] Request finished "HTTP/1.1" "GET" "http"://"localhost:5263""""/swagger/index.html""" - 200 null "text/html;charset=utf-8" 246.4206ms (74253ad3)
2024-05-28T20:10:17.8558489-03:00 0HN3VDDB8862Q:00000002 [INF] Request starting "HTTP/1.1" "GET" "http"://"localhost:5263""""/_framework/aspnetcore-browser-refresh.js""" - null null (d509f86a)
2024-05-28T20:10:17.8558491-03:00 0HN3VDDB8862P:00000001 [INF] Request starting "HTTP/1.1" "GET" "http"://"localhost:5263""""/_vs/browserLink""" - null null (d509f86a)
2024-05-28T20:10:17.8585396-03:00 0HN3VDDB8862Q:00000002 [INF] Request finished "HTTP/1.1" "GET" "http"://"localhost:5263""""/_framework/aspnetcore-browser-refresh.js""" - 200 13746 "application/javascript; charset=utf-8" 2.7578ms (74253ad3)
2024-05-28T20:10:17.9016159-03:00 0HN3VDDB8862P:00000001 [INF] Request finished "HTTP/1.1" "GET" "http"://"localhost:5263""""/_vs/browserLink""" - 200 null "text/javascript; charset=UTF-8" 45.921ms (74253ad3)
2024-05-28T20:10:17.9669869-03:00 0HN3VDDB8862P:00000002 [INF] Request starting "HTTP/1.1" "GET" "http"://"localhost:5263""""/swagger/v1/swagger.json""" - null null (d509f86a)
2024-05-28T20:10:18.1049117-03:00 0HN3VDDB8862P:00000002 [INF] Request finished "HTTP/1.1" "GET" "http"://"localhost:5263""""/swagger/v1/swagger.json""" - 200 null "application/json;charset=utf-8" 137.9741ms (74253ad3)
2024-05-28T20:10:24.2899865-03:00 0HN3VDDB8862R:00000001 [INF] Request starting "HTTP/1.1" "GET" "http"://"localhost:5263""""/api/Product/1""" - null null (d509f86a)
2024-05-28T20:10:24.3015988-03:00 0HN3VDDB8862R:00000001 [INF] Executing endpoint '"ApiTF.Controllers.ProductController.GetById (ApiTF)"' (500cc934)
2024-05-28T20:10:24.3211058-03:00 0HN3VDDB8862R:00000001 [INF] Route matched with "{action = \"GetById\", controller = \"Product\"}". Executing controller action with signature "Microsoft.AspNetCore.Mvc.ActionResult`1[ApiTF.BaseDados.Models.TbProduct] GetById(Int32)" on controller "ApiTF.Controllers.ProductController" ("ApiTF"). (122b2fdf)
2024-05-28T20:10:25.8190937-03:00 0HN3VDDB8862R:00000001 [INF] Executed DbCommand ("58"ms) [Parameters=["@__id_0='?' (DbType = Int32)"], CommandType='Text', CommandTimeout='30']"
""SELECT t.id, t.barcode, t.barcodetype, t.costprice, t.description, t.price, t.stock
FROM tb_products AS t
WHERE t.id = @__id_0
LIMIT 1" (0723d8ff)
2024-05-28T20:10:25.9132122-03:00 0HN3VDDB8862R:00000001 [INF] Executing "OkObjectResult", writing value of type '"ApiTF.BaseDados.Models.TbProduct"'. (605b4265)
2024-05-28T20:10:25.9353767-03:00 0HN3VDDB8862R:00000001 [INF] Executed action "ApiTF.Controllers.ProductController.GetById (ApiTF)" in 1609.274ms (afa2e885)
2024-05-28T20:10:25.9355253-03:00 0HN3VDDB8862R:00000001 [INF] Executed endpoint '"ApiTF.Controllers.ProductController.GetById (ApiTF)"' (99874f2b)
2024-05-28T20:10:25.9426024-03:00 0HN3VDDB8862R:00000001 [INF] Request finished "HTTP/1.1" "GET" "http"://"localhost:5263""""/api/Product/1""" - 200 null "application/json; charset=utf-8" 1652.6988ms (74253ad3)
2024-05-28T20:13:18.7984883-03:00 0HN3VDDB8862R:00000002 [INF] Request starting "HTTP/1.1" "PUT" "http"://"localhost:5263""""/api/Product/1""" - "application/json" 134 (d509f86a)
2024-05-28T20:13:18.8005012-03:00 0HN3VDDB8862R:00000002 [INF] Executing endpoint '"ApiTF.Controllers.ProductController.Update (ApiTF)"' (500cc934)
2024-05-28T20:13:18.8049413-03:00 0HN3VDDB8862R:00000002 [INF] Route matched with "{action = \"Update\", controller = \"Product\"}". Executing controller action with signature "Microsoft.AspNetCore.Mvc.ActionResult`1[ApiTF.BaseDados.Models.TbProduct] Update(Int32, ApiTF.Services.DTOs.ProductDTO)" on controller "ApiTF.Controllers.ProductController" ("ApiTF"). (122b2fdf)
2024-05-28T20:13:18.8681912-03:00 0HN3VDDB8862R:00000002 [INF] Executed DbCommand ("1"ms) [Parameters=["@__id_0='?' (DbType = Int32)"], CommandType='Text', CommandTimeout='30']"
""SELECT t.id, t.barcode, t.barcodetype, t.costprice, t.description, t.price, t.stock
FROM tb_products AS t
WHERE t.id = @__id_0
LIMIT 1" (0723d8ff)
2024-05-28T20:13:18.9959856-03:00 0HN3VDDB8862R:00000002 [INF] Executed DbCommand ("21"ms) [Parameters=["@p6='?' (DbType = Int32), @p0='?', @p1='?', @p2='?' (DbType = Decimal), @p3='?', @p4='?' (DbType = Decimal), @p5='?' (DbType = Int32)"], CommandType='Text', CommandTimeout='30']"
""UPDATE tb_products SET barcode = @p0, barcodetype = @p1, costprice = @p2, description = @p3, price = @p4, stock = @p5
WHERE id = @p6;" (0723d8ff)
2024-05-28T20:13:19.0008841-03:00 0HN3VDDB8862R:00000002 [INF] Executing "OkObjectResult", writing value of type '"ApiTF.BaseDados.Models.TbProduct"'. (605b4265)
2024-05-28T20:13:19.0012831-03:00 0HN3VDDB8862R:00000002 [INF] Executed action "ApiTF.Controllers.ProductController.Update (ApiTF)" in 196.1924ms (afa2e885)
2024-05-28T20:13:19.0013937-03:00 0HN3VDDB8862R:00000002 [INF] Executed endpoint '"ApiTF.Controllers.ProductController.Update (ApiTF)"' (99874f2b)
2024-05-28T20:13:19.0016384-03:00 0HN3VDDB8862R:00000002 [INF] Request finished "HTTP/1.1" "PUT" "http"://"localhost:5263""""/api/Product/1""" - 200 null "application/json; charset=utf-8" 203.4452ms (74253ad3)
2024-05-28T20:16:27.8684722-03:00  [INF] Now listening on: "http://localhost:5263" (d826f4b8)
2024-05-28T20:16:27.9698368-03:00  [INF] Application started. Press Ctrl+C to shut down. (dcaefe54)
2024-05-28T20:16:27.9730536-03:00  [INF] Hosting environment: "Development" (bc5a1a4e)
2024-05-28T20:16:27.9752132-03:00  [INF] Content root path: "C:\Users\USER\source\repos\ApiTF\ApiTF" (cc26f24e)
2024-05-28T20:16:28.5250182-03:00 0HN3VDGPQ113B:00000001 [INF] Request starting "HTTP/1.1" "GET" "http"://"localhost:5263""""/swagger/index.html""" - null null (d509f86a)
2024-05-28T20:16:28.7813830-03:00 0HN3VDGPQ113B:00000001 [INF] Request finished "HTTP/1.1" "GET" "http"://"localhost:5263""""/swagger/index.html""" - 200 null "text/html;charset=utf-8" 265.9013ms (74253ad3)
2024-05-28T20:16:28.8094390-03:00 0HN3VDGPQ113A:00000001 [INF] Request starting "HTTP/1.1" "GET" "http"://"localhost:5263""""/_vs/browserLink""" - null null (d509f86a)
2024-05-28T20:16:28.8094390-03:00 0HN3VDGPQ113B:00000002 [INF] Request starting "HTTP/1.1" "GET" "http"://"localhost:5263""""/_framework/aspnetcore-browser-refresh.js""" - null null (d509f86a)
2024-05-28T20:16:28.8119912-03:00 0HN3VDGPQ113B:00000002 [INF] Request finished "HTTP/1.1" "GET" "http"://"localhost:5263""""/_framework/aspnetcore-browser-refresh.js""" - 200 13746 "application/javascript; charset=utf-8" 2.6482ms (74253ad3)
2024-05-28T20:16:28.8449907-03:00 0HN3VDGPQ113A:00000001 [INF] Request finished "HTTP/1.1" "GET" "http"://"localhost:5263""""/_vs/browserLink""" - 200 null "text/javascript; charset=UTF-8" 35.7037ms (74253ad3)
2024-05-28T20:16:28.9056067-03:00 0HN3VDGPQ113A:00000002 [INF] Request starting "HTTP/1.1" "GET" "http"://"localhost:5263""""/swagger/v1/swagger.json""" - null null (d509f86a)
2024-05-28T20:16:29.2084716-03:00 0HN3VDGPQ113A:00000002 [ERR] An unhandled exception has occurred while executing the request. (48a46595)
Swashbuckle.AspNetCore.SwaggerGen.SwaggerGeneratorException: Conflicting method/path combination "PUT api/Product/{id}" for actions - ApiTF.Controllers.ProductController.Update (ApiTF),ApiTF.Controllers.ProductController.Updatestock (ApiTF). Actions require a unique method/path combination for Swagger/OpenAPI 3.0. Use ConflictingActionsResolver as a workaround
   at Swashbuckle.AspNetCore.SwaggerGen.SwaggerGenerator.GenerateOperations(IEnumerable`1 apiDescriptions, SchemaRepository schemaRepository)
   at Swashbuckle.AspNetCore.SwaggerGen.SwaggerGenerator.GeneratePaths(IEnumerable`1 apiDescriptions, SchemaRepository schemaRepository)
   at Swashbuckle.AspNetCore.SwaggerGen.SwaggerGenerator.GetSwaggerDocumentWithoutFilters(String documentName, String host, String basePath)
   at Swashbuckle.AspNetCore.SwaggerGen.SwaggerGenerator.GetSwaggerAsync(String documentName, String host, String basePath)
   at Swashbuckle.AspNetCore.Swagger.SwaggerMiddleware.Invoke(HttpContext httpContext, ISwaggerProvider swaggerProvider)
   at Microsoft.AspNetCore.Authentication.AuthenticationMiddleware.Invoke(HttpContext context)
   at Microsoft.AspNetCore.Diagnostics.DeveloperExceptionPageMiddlewareImpl.Invoke(HttpContext context)
2024-05-28T20:16:29.2114038-03:00 0HN3VDGPQ113A:00000002 [INF] Request finished "HTTP/1.1" "GET" "http"://"localhost:5263""""/swagger/v1/swagger.json""" - 500 null "text/plain; charset=utf-8" 305.8269ms (74253ad3)
2024-05-28T20:34:22.8900809-03:00  [INF] Now listening on: "http://localhost:5263" (d826f4b8)
2024-05-28T20:34:22.9612333-03:00  [INF] Application started. Press Ctrl+C to shut down. (dcaefe54)
2024-05-28T20:34:22.9634403-03:00  [INF] Hosting environment: "Development" (bc5a1a4e)
2024-05-28T20:34:22.9655700-03:00  [INF] Content root path: "C:\Users\USER\source\repos\ApiTF\ApiTF" (cc26f24e)
2024-05-28T20:34:23.4450672-03:00 0HN3VDQQ5KGO2:00000001 [INF] Request starting "HTTP/1.1" "GET" "http"://"localhost:5263""""/swagger/index.html""" - null null (d509f86a)
2024-05-28T20:34:23.7791875-03:00 0HN3VDQQ5KGO2:00000001 [INF] Request finished "HTTP/1.1" "GET" "http"://"localhost:5263""""/swagger/index.html""" - 200 null "text/html;charset=utf-8" 345.8754ms (74253ad3)
2024-05-28T20:34:23.8108483-03:00 0HN3VDQQ5KGO1:00000001 [INF] Request starting "HTTP/1.1" "GET" "http"://"localhost:5263""""/_vs/browserLink""" - null null (d509f86a)
2024-05-28T20:34:23.8108484-03:00 0HN3VDQQ5KGO2:00000002 [INF] Request starting "HTTP/1.1" "GET" "http"://"localhost:5263""""/_framework/aspnetcore-browser-refresh.js""" - null null (d509f86a)
2024-05-28T20:34:23.8135392-03:00 0HN3VDQQ5KGO2:00000002 [INF] Request finished "HTTP/1.1" "GET" "http"://"localhost:5263""""/_framework/aspnetcore-browser-refresh.js""" - 200 13746 "application/javascript; charset=utf-8" 2.8755ms (74253ad3)
2024-05-28T20:34:23.8627987-03:00 0HN3VDQQ5KGO1:00000001 [INF] Request finished "HTTP/1.1" "GET" "http"://"localhost:5263""""/_vs/browserLink""" - 200 null "text/javascript; charset=UTF-8" 52.0881ms (74253ad3)
2024-05-28T20:34:23.9172086-03:00 0HN3VDQQ5KGO1:00000002 [INF] Request starting "HTTP/1.1" "GET" "http"://"localhost:5263""""/swagger/v1/swagger.json""" - null null (d509f86a)
2024-05-28T20:34:24.0379993-03:00 0HN3VDQQ5KGO1:00000002 [INF] Request finished "HTTP/1.1" "GET" "http"://"localhost:5263""""/swagger/v1/swagger.json""" - 200 null "application/json;charset=utf-8" 120.9045ms (74253ad3)
2024-05-28T20:39:30.7354200-03:00  [INF] Now listening on: "http://localhost:5263" (d826f4b8)
2024-05-28T20:39:30.8129105-03:00  [INF] Application started. Press Ctrl+C to shut down. (dcaefe54)
2024-05-28T20:39:30.8155022-03:00  [INF] Hosting environment: "Development" (bc5a1a4e)
2024-05-28T20:39:30.8173175-03:00  [INF] Content root path: "C:\Users\USER\source\repos\ApiTF\ApiTF" (cc26f24e)
2024-05-28T20:39:31.5261993-03:00 0HN3VDTLV04B0:00000001 [INF] Request starting "HTTP/1.1" "GET" "http"://"localhost:5263""""/swagger/index.html""" - null null (d509f86a)
2024-05-28T20:39:31.8671501-03:00 0HN3VDTLV04B0:00000001 [INF] Request finished "HTTP/1.1" "GET" "http"://"localhost:5263""""/swagger/index.html""" - 200 null "text/html;charset=utf-8" 347.0078ms (74253ad3)
2024-05-28T20:39:31.9015578-03:00 0HN3VDTLV04B0:00000002 [INF] Request starting "HTTP/1.1" "GET" "http"://"localhost:5263""""/_framework/aspnetcore-browser-refresh.js""" - null null (d509f86a)
2024-05-28T20:39:31.9023098-03:00 0HN3VDTLV04AV:00000001 [INF] Request starting "HTTP/1.1" "GET" "http"://"localhost:5263""""/_vs/browserLink""" - null null (d509f86a)
2024-05-28T20:39:31.9046572-03:00 0HN3VDTLV04B0:00000002 [INF] Request finished "HTTP/1.1" "GET" "http"://"localhost:5263""""/_framework/aspnetcore-browser-refresh.js""" - 200 13746 "application/javascript; charset=utf-8" 3.8881ms (74253ad3)
2024-05-28T20:39:31.9455553-03:00 0HN3VDTLV04AV:00000001 [INF] Request finished "HTTP/1.1" "GET" "http"://"localhost:5263""""/_vs/browserLink""" - 200 null "text/javascript; charset=UTF-8" 44.7121ms (74253ad3)
2024-05-28T20:39:32.0015492-03:00 0HN3VDTLV04AV:00000002 [INF] Request starting "HTTP/1.1" "GET" "http"://"localhost:5263""""/swagger/v1/swagger.json""" - null null (d509f86a)
2024-05-28T20:39:32.1343213-03:00 0HN3VDTLV04AV:00000002 [INF] Request finished "HTTP/1.1" "GET" "http"://"localhost:5263""""/swagger/v1/swagger.json""" - 200 null "application/json;charset=utf-8" 132.7367ms (74253ad3)
2024-05-28T20:39:46.3756350-03:00 0HN3VDTLV04B1:00000001 [INF] Request starting "HTTP/1.1" "GET" "http"://"localhost:5263""""/api/Product/1""" - null null (d509f86a)
2024-05-28T20:39:46.3888053-03:00 0HN3VDTLV04B1:00000001 [INF] Executing endpoint '"ApiTF.Controllers.ProductController.GetById (ApiTF)"' (500cc934)
2024-05-28T20:39:46.4364062-03:00 0HN3VDTLV04B1:00000001 [INF] Route matched with "{action = \"GetById\", controller = \"Product\"}". Executing controller action with signature "Microsoft.AspNetCore.Mvc.ActionResult`1[ApiTF.BaseDados.Models.TbProduct] GetById(Int32)" on controller "ApiTF.Controllers.ProductController" ("ApiTF"). (122b2fdf)
2024-05-28T20:39:48.1884925-03:00 0HN3VDTLV04B1:00000001 [INF] Executed DbCommand ("67"ms) [Parameters=["@__id_0='?' (DbType = Int32)"], CommandType='Text', CommandTimeout='30']"
""SELECT t.id, t.barcode, t.barcodetype, t.costprice, t.description, t.price, t.stock
FROM tb_products AS t
WHERE t.id = @__id_0
LIMIT 1" (0723d8ff)
2024-05-28T20:39:48.2899175-03:00 0HN3VDTLV04B1:00000001 [INF] Executing "OkObjectResult", writing value of type '"ApiTF.BaseDados.Models.TbProduct"'. (605b4265)
2024-05-28T20:39:48.3176333-03:00 0HN3VDTLV04B1:00000001 [INF] Executed action "ApiTF.Controllers.ProductController.GetById (ApiTF)" in 1873.7038ms (afa2e885)
2024-05-28T20:39:48.3179972-03:00 0HN3VDTLV04B1:00000001 [INF] Executed endpoint '"ApiTF.Controllers.ProductController.GetById (ApiTF)"' (99874f2b)
2024-05-28T20:39:48.3296419-03:00 0HN3VDTLV04B1:00000001 [INF] Request finished "HTTP/1.1" "GET" "http"://"localhost:5263""""/api/Product/1""" - 200 null "application/json; charset=utf-8" 1954.1695ms (74253ad3)
2024-05-28T20:39:58.9963654-03:00 0HN3VDTLV04B2:00000001 [INF] Request starting "HTTP/1.1" "PUT" "http"://"localhost:5263""""/api/Product/1""?qty=3" - null 0 (d509f86a)
2024-05-28T20:39:59.0928154-03:00 0HN3VDTLV04B2:00000001 [ERR] An unhandled exception has occurred while executing the request. (48a46595)
Microsoft.AspNetCore.Routing.Matching.AmbiguousMatchException: The request matched multiple endpoints. Matches: 

ApiTF.Controllers.ProductController.Update (ApiTF)
ApiTF.Controllers.ProductController.AdjustStock (ApiTF)
   at Microsoft.AspNetCore.Routing.Matching.DefaultEndpointSelector.ReportAmbiguity(Span`1 candidateState)
   at Microsoft.AspNetCore.Routing.Matching.DefaultEndpointSelector.ProcessFinalCandidates(HttpContext httpContext, Span`1 candidateState)
   at Microsoft.AspNetCore.Routing.Matching.DefaultEndpointSelector.Select(HttpContext httpContext, Span`1 candidateState)
   at Microsoft.AspNetCore.Routing.Matching.DfaMatcher.MatchAsync(HttpContext httpContext)
   at Microsoft.AspNetCore.Routing.EndpointRoutingMiddleware.Invoke(HttpContext httpContext)
   at Microsoft.AspNetCore.Diagnostics.DeveloperExceptionPageMiddlewareImpl.Invoke(HttpContext context)
2024-05-28T20:39:59.0976611-03:00 0HN3VDTLV04B2:00000001 [INF] Request finished "HTTP/1.1" "PUT" "http"://"localhost:5263""""/api/Product/1""?qty=3" - 500 null "text/plain; charset=utf-8" 101.2645ms (74253ad3)
2024-05-28T20:42:23.9094274-03:00  [INF] Now listening on: "http://localhost:5263" (d826f4b8)
2024-05-28T20:42:24.0029709-03:00  [INF] Application started. Press Ctrl+C to shut down. (dcaefe54)
2024-05-28T20:42:24.0051851-03:00  [INF] Hosting environment: "Development" (bc5a1a4e)
2024-05-28T20:42:24.0070311-03:00  [INF] Content root path: "C:\Users\USER\source\repos\ApiTF\ApiTF" (cc26f24e)
2024-05-28T20:42:24.7714017-03:00 0HN3VDV9K3LVO:00000001 [INF] Request starting "HTTP/1.1" "GET" "http"://"localhost:5263""""/swagger/index.html""" - null null (d509f86a)
2024-05-28T20:42:25.0436144-03:00 0HN3VDV9K3LVO:00000001 [INF] Request finished "HTTP/1.1" "GET" "http"://"localhost:5263""""/swagger/index.html""" - 200 null "text/html;charset=utf-8" 279.8053ms (74253ad3)
2024-05-28T20:42:25.0704931-03:00 0HN3VDV9K3LVO:00000002 [INF] Request starting "HTTP/1.1" "GET" "http"://"localhost:5263""""/_framework/aspnetcore-browser-refresh.js""" - null null (d509f86a)
2024-05-28T20:42:25.0704931-03:00 0HN3VDV9K3LVN:00000001 [INF] Request starting "HTTP/1.1" "GET" "http"://"localhost:5263""""/_vs/browserLink""" - null null (d509f86a)
2024-05-28T20:42:25.0733913-03:00 0HN3VDV9K3LVO:00000002 [INF] Request finished "HTTP/1.1" "GET" "http"://"localhost:5263""""/_framework/aspnetcore-browser-refresh.js""" - 200 13746 "application/javascript; charset=utf-8" 2.7264ms (74253ad3)
2024-05-28T20:42:25.1053393-03:00 0HN3VDV9K3LVN:00000001 [INF] Request finished "HTTP/1.1" "GET" "http"://"localhost:5263""""/_vs/browserLink""" - 200 null "text/javascript; charset=UTF-8" 35.0387ms (74253ad3)
2024-05-28T20:42:25.1646907-03:00 0HN3VDV9K3LVN:00000002 [INF] Request starting "HTTP/1.1" "GET" "http"://"localhost:5263""""/swagger/v1/swagger.json""" - null null (d509f86a)
2024-05-28T20:42:25.3348885-03:00 0HN3VDV9K3LVN:00000002 [INF] Request finished "HTTP/1.1" "GET" "http"://"localhost:5263""""/swagger/v1/swagger.json""" - 200 null "application/json;charset=utf-8" 170.2172ms (74253ad3)
2024-05-28T20:42:38.0143224-03:00 0HN3VDV9K3LVP:00000001 [INF] Request starting "HTTP/1.1" "PUT" "http"://"localhost:5263""""/ajustestock/1""?qty=3" - null 0 (d509f86a)
2024-05-28T20:42:38.0228151-03:00 0HN3VDV9K3LVP:00000001 [INF] Executing endpoint '"ApiTF.Controllers.ProductController.AdjustStock (ApiTF)"' (500cc934)
2024-05-28T20:42:38.0442683-03:00 0HN3VDV9K3LVP:00000001 [INF] Route matched with "{action = \"AdjustStock\", controller = \"Product\"}". Executing controller action with signature "Microsoft.AspNetCore.Mvc.ActionResult`1[ApiTF.BaseDados.Models.TbProduct] AdjustStock(Int32, Int32)" on controller "ApiTF.Controllers.ProductController" ("ApiTF"). (122b2fdf)
2024-05-28T20:42:39.5809167-03:00 0HN3VDV9K3LVP:00000001 [INF] Executed DbCommand ("54"ms) [Parameters=["@__id_0='?' (DbType = Int32)"], CommandType='Text', CommandTimeout='30']"
""SELECT t.id, t.barcode, t.barcodetype, t.costprice, t.description, t.price, t.stock
FROM tb_products AS t
WHERE t.id = @__id_0
LIMIT 1" (0723d8ff)
2024-05-28T20:42:39.8041806-03:00 0HN3VDV9K3LVP:00000001 [INF] Executed DbCommand ("16"ms) [Parameters=["@p6='?' (DbType = Int32), @p0='?', @p1='?', @p2='?' (DbType = Decimal), @p3='?', @p4='?' (DbType = Decimal), @p5='?' (DbType = Int32)"], CommandType='Text', CommandTimeout='30']"
""UPDATE tb_products SET barcode = @p0, barcodetype = @p1, costprice = @p2, description = @p3, price = @p4, stock = @p5
WHERE id = @p6;" (0723d8ff)
2024-05-28T20:42:39.8191350-03:00 0HN3VDV9K3LVP:00000001 [INF] Executing "OkObjectResult", writing value of type '"ApiTF.BaseDados.Models.TbProduct"'. (605b4265)
2024-05-28T20:42:39.8400993-03:00 0HN3VDV9K3LVP:00000001 [INF] Executed action "ApiTF.Controllers.ProductController.AdjustStock (ApiTF)" in 1792.4333ms (afa2e885)
2024-05-28T20:42:39.8402306-03:00 0HN3VDV9K3LVP:00000001 [INF] Executed endpoint '"ApiTF.Controllers.ProductController.AdjustStock (ApiTF)"' (99874f2b)
2024-05-28T20:42:39.8508618-03:00 0HN3VDV9K3LVP:00000001 [INF] Request finished "HTTP/1.1" "PUT" "http"://"localhost:5263""""/ajustestock/1""?qty=3" - 200 null "application/json; charset=utf-8" 1836.644ms (74253ad3)
2024-05-28T20:55:41.7479180-03:00  [INF] Now listening on: "http://localhost:5263" (d826f4b8)
2024-05-28T20:55:41.8100050-03:00  [INF] Application started. Press Ctrl+C to shut down. (dcaefe54)
2024-05-28T20:55:41.8132000-03:00  [INF] Hosting environment: "Development" (bc5a1a4e)
2024-05-28T20:55:41.8149684-03:00  [INF] Content root path: "C:\Users\USER\source\repos\ApiTF\ApiTF" (cc26f24e)
2024-05-28T20:55:42.5625597-03:00 0HN3VE6NB89V1:00000001 [INF] Request starting "HTTP/1.1" "GET" "http"://"localhost:5263""""/swagger/index.html""" - null null (d509f86a)
2024-05-28T20:55:43.1075039-03:00 0HN3VE6NB89V1:00000001 [INF] Request finished "HTTP/1.1" "GET" "http"://"localhost:5263""""/swagger/index.html""" - 200 null "text/html;charset=utf-8" 551.5429ms (74253ad3)
2024-05-28T20:55:43.1464964-03:00 0HN3VE6NB89V0:00000001 [INF] Request starting "HTTP/1.1" "GET" "http"://"localhost:5263""""/_vs/browserLink""" - null null (d509f86a)
2024-05-28T20:55:43.1464964-03:00 0HN3VE6NB89V1:00000002 [INF] Request starting "HTTP/1.1" "GET" "http"://"localhost:5263""""/_framework/aspnetcore-browser-refresh.js""" - null null (d509f86a)
2024-05-28T20:55:43.1489346-03:00 0HN3VE6NB89V1:00000002 [INF] Request finished "HTTP/1.1" "GET" "http"://"localhost:5263""""/_framework/aspnetcore-browser-refresh.js""" - 200 13746 "application/javascript; charset=utf-8" 2.4673ms (74253ad3)
2024-05-28T20:55:43.1868040-03:00 0HN3VE6NB89V0:00000001 [INF] Request finished "HTTP/1.1" "GET" "http"://"localhost:5263""""/_vs/browserLink""" - 200 null "text/javascript; charset=UTF-8" 40.3111ms (74253ad3)
2024-05-28T20:55:43.2434894-03:00 0HN3VE6NB89V0:00000002 [INF] Request starting "HTTP/1.1" "GET" "http"://"localhost:5263""""/swagger/v1/swagger.json""" - null null (d509f86a)
2024-05-28T20:55:43.3761233-03:00 0HN3VE6NB89V0:00000002 [INF] Request finished "HTTP/1.1" "GET" "http"://"localhost:5263""""/swagger/v1/swagger.json""" - 200 null "application/json;charset=utf-8" 132.6965ms (74253ad3)
2024-05-28T20:55:53.6656194-03:00 0HN3VE6NB89V2:00000001 [INF] Request starting "HTTP/1.1" "GET" "http"://"localhost:5263""""/api/Product/1""" - null null (d509f86a)
2024-05-28T20:55:53.6744482-03:00 0HN3VE6NB89V2:00000001 [INF] Executing endpoint '"ApiTF.Controllers.ProductController.GetById (ApiTF)"' (500cc934)
2024-05-28T20:55:53.6932832-03:00 0HN3VE6NB89V2:00000001 [INF] Route matched with "{action = \"GetById\", controller = \"Product\"}". Executing controller action with signature "Microsoft.AspNetCore.Mvc.ActionResult`1[ApiTF.BaseDados.Models.TbProduct] GetById(Int32)" on controller "ApiTF.Controllers.ProductController" ("ApiTF"). (122b2fdf)
2024-05-28T20:55:55.6695725-03:00 0HN3VE6NB89V2:00000001 [INF] Executed DbCommand ("46"ms) [Parameters=["@__id_0='?' (DbType = Int32)"], CommandType='Text', CommandTimeout='30']"
""SELECT t.id, t.barcode, t.barcodetype, t.costprice, t.description, t.price, t.stock
FROM tb_products AS t
WHERE t.id = @__id_0
LIMIT 1" (0723d8ff)
2024-05-28T20:55:55.7413690-03:00 0HN3VE6NB89V2:00000001 [INF] Executing "OkObjectResult", writing value of type '"ApiTF.BaseDados.Models.TbProduct"'. (605b4265)
2024-05-28T20:55:55.7614076-03:00 0HN3VE6NB89V2:00000001 [INF] Executed action "ApiTF.Controllers.ProductController.GetById (ApiTF)" in 2062.6874ms (afa2e885)
2024-05-28T20:55:55.7617799-03:00 0HN3VE6NB89V2:00000001 [INF] Executed endpoint '"ApiTF.Controllers.ProductController.GetById (ApiTF)"' (99874f2b)
2024-05-28T20:55:55.7729588-03:00 0HN3VE6NB89V2:00000001 [INF] Request finished "HTTP/1.1" "GET" "http"://"localhost:5263""""/api/Product/1""" - 200 null "application/json; charset=utf-8" 2107.3757ms (74253ad3)
2024-05-28T20:56:03.9018448-03:00 0HN3VE6NB89V3:00000001 [INF] Request starting "HTTP/1.1" "GET" "http"://"localhost:5263""""/barcode/1231231231237""" - null null (d509f86a)
2024-05-28T20:56:03.9027005-03:00 0HN3VE6NB89V3:00000001 [INF] Executing endpoint '"ApiTF.Controllers.ProductController.GetByBarcode (ApiTF)"' (500cc934)
2024-05-28T20:56:03.9065032-03:00 0HN3VE6NB89V3:00000001 [INF] Route matched with "{action = \"GetByBarcode\", controller = \"Product\"}". Executing controller action with signature "Microsoft.AspNetCore.Mvc.ActionResult`1[ApiTF.BaseDados.Models.TbProduct] GetByBarcode(System.String)" on controller "ApiTF.Controllers.ProductController" ("ApiTF"). (122b2fdf)
2024-05-28T20:56:03.9368158-03:00 0HN3VE6NB89V3:00000001 [INF] Executed DbCommand ("3"ms) [Parameters=["@__barcode_0='?'"], CommandType='Text', CommandTimeout='30']"
""SELECT t.id, t.barcode, t.barcodetype, t.costprice, t.description, t.price, t.stock
FROM tb_products AS t
WHERE t.barcode = @__barcode_0
LIMIT 1" (0723d8ff)
2024-05-28T20:56:03.9380607-03:00 0HN3VE6NB89V3:00000001 [INF] Executing "OkObjectResult", writing value of type '"ApiTF.BaseDados.Models.TbProduct"'. (605b4265)
2024-05-28T20:56:03.9384739-03:00 0HN3VE6NB89V3:00000001 [INF] Executed action "ApiTF.Controllers.ProductController.GetByBarcode (ApiTF)" in 31.8102ms (afa2e885)
2024-05-28T20:56:03.9385954-03:00 0HN3VE6NB89V3:00000001 [INF] Executed endpoint '"ApiTF.Controllers.ProductController.GetByBarcode (ApiTF)"' (99874f2b)
2024-05-28T20:56:03.9388276-03:00 0HN3VE6NB89V3:00000001 [INF] Request finished "HTTP/1.1" "GET" "http"://"localhost:5263""""/barcode/1231231231237""" - 200 null "application/json; charset=utf-8" 37.092ms (74253ad3)
2024-05-28T20:59:53.8404362-03:00  [INF] Now listening on: "http://localhost:5263" (d826f4b8)
2024-05-28T20:59:53.9533686-03:00  [INF] Application started. Press Ctrl+C to shut down. (dcaefe54)
2024-05-28T20:59:53.9566280-03:00  [INF] Hosting environment: "Development" (bc5a1a4e)
2024-05-28T20:59:53.9589318-03:00  [INF] Content root path: "C:\Users\USER\source\repos\ApiTF\ApiTF" (cc26f24e)
2024-05-28T20:59:54.8013976-03:00 0HN3VE92HUL6R:00000001 [INF] Request starting "HTTP/1.1" "GET" "http"://"localhost:5263""""/swagger/index.html""" - null null (d509f86a)
2024-05-28T20:59:55.1202902-03:00 0HN3VE92HUL6R:00000001 [INF] Request finished "HTTP/1.1" "GET" "http"://"localhost:5263""""/swagger/index.html""" - 200 null "text/html;charset=utf-8" 332.8094ms (74253ad3)
2024-05-28T20:59:55.1512573-03:00 0HN3VE92HUL6R:00000002 [INF] Request starting "HTTP/1.1" "GET" "http"://"localhost:5263""""/_framework/aspnetcore-browser-refresh.js""" - null null (d509f86a)
2024-05-28T20:59:55.1513566-03:00 0HN3VE92HUL6Q:00000001 [INF] Request starting "HTTP/1.1" "GET" "http"://"localhost:5263""""/_vs/browserLink""" - null null (d509f86a)
2024-05-28T20:59:55.1536429-03:00 0HN3VE92HUL6R:00000002 [INF] Request finished "HTTP/1.1" "GET" "http"://"localhost:5263""""/_framework/aspnetcore-browser-refresh.js""" - 200 13746 "application/javascript; charset=utf-8" 2.5652ms (74253ad3)
2024-05-28T20:59:55.1898840-03:00 0HN3VE92HUL6Q:00000001 [INF] Request finished "HTTP/1.1" "GET" "http"://"localhost:5263""""/_vs/browserLink""" - 200 null "text/javascript; charset=UTF-8" 38.7571ms (74253ad3)
2024-05-28T20:59:55.2569915-03:00 0HN3VE92HUL6Q:00000002 [INF] Request starting "HTTP/1.1" "GET" "http"://"localhost:5263""""/swagger/v1/swagger.json""" - null null (d509f86a)
2024-05-28T20:59:55.4218626-03:00 0HN3VE92HUL6Q:00000002 [INF] Request finished "HTTP/1.1" "GET" "http"://"localhost:5263""""/swagger/v1/swagger.json""" - 200 null "application/json;charset=utf-8" 164.8881ms (74253ad3)
2024-05-28T21:00:35.4217576-03:00 0HN3VE92HUL6T:00000001 [INF] Request starting "HTTP/1.1" "GET" "http"://"localhost:5263""""/swagger/index.html""" - null null (d509f86a)
2024-05-28T21:00:35.4351032-03:00 0HN3VE92HUL6T:00000001 [INF] Request finished "HTTP/1.1" "GET" "http"://"localhost:5263""""/swagger/index.html""" - 200 null "text/html;charset=utf-8" 13.2536ms (74253ad3)
2024-05-28T21:00:35.4552340-03:00 0HN3VE92HUL6T:00000002 [INF] Request starting "HTTP/1.1" "GET" "http"://"localhost:5263""""/_framework/aspnetcore-browser-refresh.js""" - null null (d509f86a)
2024-05-28T21:00:35.4558351-03:00 0HN3VE92HUL6T:00000002 [INF] Request finished "HTTP/1.1" "GET" "http"://"localhost:5263""""/_framework/aspnetcore-browser-refresh.js""" - 200 13746 "application/javascript; charset=utf-8" 0.6882ms (74253ad3)
2024-05-28T21:00:35.4566293-03:00 0HN3VE92HUL6S:00000001 [INF] Request starting "HTTP/1.1" "GET" "http"://"localhost:5263""""/_vs/browserLink""" - null null (d509f86a)
2024-05-28T21:00:35.4745805-03:00 0HN3VE92HUL6S:00000001 [INF] Request finished "HTTP/1.1" "GET" "http"://"localhost:5263""""/_vs/browserLink""" - 200 null "text/javascript; charset=UTF-8" 18.0026ms (74253ad3)
2024-05-28T21:00:35.5252138-03:00 0HN3VE92HUL6S:00000002 [INF] Request starting "HTTP/1.1" "GET" "http"://"localhost:5263""""/swagger/v1/swagger.json""" - null null (d509f86a)
2024-05-28T21:00:35.5382560-03:00 0HN3VE92HUL6T:00000003 [INF] Request starting "HTTP/1.1" "GET" "http"://"localhost:5263""""/swagger/favicon-32x32.png""" - null null (d509f86a)
2024-05-28T21:00:35.5491843-03:00 0HN3VE92HUL6S:00000002 [INF] Request finished "HTTP/1.1" "GET" "http"://"localhost:5263""""/swagger/v1/swagger.json""" - 200 null "application/json;charset=utf-8" 23.5946ms (74253ad3)
2024-05-28T21:00:35.5509455-03:00 0HN3VE92HUL6T:00000003 [INF] Sending file. Request path: '"/favicon-32x32.png"'. Physical path: '"N/A"' (27b0a520)
2024-05-28T21:00:35.5513533-03:00 0HN3VE92HUL6T:00000003 [INF] Request finished "HTTP/1.1" "GET" "http"://"localhost:5263""""/swagger/favicon-32x32.png""" - 200 628 "image/png" 13.0764ms (74253ad3)
2024-05-28T21:00:49.4104293-03:00  [INF] Now listening on: "http://localhost:5263" (d826f4b8)
2024-05-28T21:00:49.5147202-03:00  [INF] Application started. Press Ctrl+C to shut down. (dcaefe54)
2024-05-28T21:00:49.5173662-03:00  [INF] Hosting environment: "Development" (bc5a1a4e)
2024-05-28T21:00:49.5196953-03:00  [INF] Content root path: "C:\Users\USER\source\repos\ApiTF\ApiTF" (cc26f24e)
2024-05-28T21:00:50.0345126-03:00 0HN3VE9J0PVDT:00000001 [INF] Request starting "HTTP/1.1" "GET" "http"://"localhost:5263""""/swagger/index.html""" - null null (d509f86a)
2024-05-28T21:00:50.2753526-03:00 0HN3VE9J0PVDT:00000001 [INF] Request finished "HTTP/1.1" "GET" "http"://"localhost:5263""""/swagger/index.html""" - 200 null "text/html;charset=utf-8" 259.5038ms (74253ad3)
2024-05-28T21:00:50.3140772-03:00 0HN3VE9J0PVDT:00000002 [INF] Request starting "HTTP/1.1" "GET" "http"://"localhost:5263""""/_framework/aspnetcore-browser-refresh.js""" - null null (d509f86a)
2024-05-28T21:00:50.3191939-03:00 0HN3VE9J0PVDT:00000002 [INF] Request finished "HTTP/1.1" "GET" "http"://"localhost:5263""""/_framework/aspnetcore-browser-refresh.js""" - 200 13746 "application/javascript; charset=utf-8" 5.2309ms (74253ad3)
2024-05-28T21:00:50.3308408-03:00 0HN3VE9J0PVDT:00000003 [INF] Request starting "HTTP/1.1" "GET" "http"://"localhost:5263""""/_vs/browserLink""" - null null (d509f86a)
2024-05-28T21:00:50.3758899-03:00 0HN3VE9J0PVDT:00000003 [INF] Request finished "HTTP/1.1" "GET" "http"://"localhost:5263""""/_vs/browserLink""" - 200 null "text/javascript; charset=UTF-8" 45.0286ms (74253ad3)
2024-05-28T21:00:50.4591427-03:00 0HN3VE9J0PVDT:00000004 [INF] Request starting "HTTP/1.1" "GET" "http"://"localhost:5263""""/swagger/v1/swagger.json""" - null null (d509f86a)
2024-05-28T21:00:50.6160746-03:00 0HN3VE9J0PVDT:00000004 [INF] Request finished "HTTP/1.1" "GET" "http"://"localhost:5263""""/swagger/v1/swagger.json""" - 200 null "application/json;charset=utf-8" 156.6856ms (74253ad3)
2024-05-28T21:01:47.2729056-03:00  [INF] Now listening on: "http://localhost:5263" (d826f4b8)
2024-05-28T21:01:47.3853696-03:00  [INF] Application started. Press Ctrl+C to shut down. (dcaefe54)
2024-05-28T21:01:47.3903573-03:00  [INF] Hosting environment: "Development" (bc5a1a4e)
2024-05-28T21:01:47.3927487-03:00  [INF] Content root path: "C:\Users\USER\source\repos\ApiTF\ApiTF" (cc26f24e)
2024-05-28T21:01:48.1278297-03:00 0HN3VEA48KITT:00000001 [INF] Request starting "HTTP/1.1" "GET" "http"://"localhost:5263""""/swagger/index.html""" - null null (d509f86a)
2024-05-28T21:01:48.4034474-03:00 0HN3VEA48KITT:00000001 [INF] Request finished "HTTP/1.1" "GET" "http"://"localhost:5263""""/swagger/index.html""" - 200 null "text/html;charset=utf-8" 288.7813ms (74253ad3)
2024-05-28T21:01:48.4366121-03:00 0HN3VEA48KITS:00000001 [INF] Request starting "HTTP/1.1" "GET" "http"://"localhost:5263""""/_vs/browserLink""" - null null (d509f86a)
2024-05-28T21:01:48.4373317-03:00 0HN3VEA48KITT:00000002 [INF] Request starting "HTTP/1.1" "GET" "http"://"localhost:5263""""/_framework/aspnetcore-browser-refresh.js""" - null null (d509f86a)
2024-05-28T21:01:48.4401481-03:00 0HN3VEA48KITT:00000002 [INF] Request finished "HTTP/1.1" "GET" "http"://"localhost:5263""""/_framework/aspnetcore-browser-refresh.js""" - 200 13746 "application/javascript; charset=utf-8" 4.0918ms (74253ad3)
2024-05-28T21:01:48.4741178-03:00 0HN3VEA48KITS:00000001 [INF] Request finished "HTTP/1.1" "GET" "http"://"localhost:5263""""/_vs/browserLink""" - 200 null "text/javascript; charset=UTF-8" 38.1385ms (74253ad3)
2024-05-28T21:01:48.5357390-03:00 0HN3VEA48KITS:00000002 [INF] Request starting "HTTP/1.1" "GET" "http"://"localhost:5263""""/swagger/v1/swagger.json""" - null null (d509f86a)
2024-05-28T21:01:48.6968882-03:00 0HN3VEA48KITS:00000002 [INF] Request finished "HTTP/1.1" "GET" "http"://"localhost:5263""""/swagger/v1/swagger.json""" - 200 null "application/json;charset=utf-8" 161.3083ms (74253ad3)
2024-05-28T21:02:13.1031184-03:00  [INF] Now listening on: "http://localhost:5263" (d826f4b8)
2024-05-28T21:02:13.2123964-03:00  [INF] Application started. Press Ctrl+C to shut down. (dcaefe54)
2024-05-28T21:02:13.2155009-03:00  [INF] Hosting environment: "Development" (bc5a1a4e)
2024-05-28T21:02:13.2178422-03:00  [INF] Content root path: "C:\Users\USER\source\repos\ApiTF\ApiTF" (cc26f24e)
2024-05-28T21:02:13.8313847-03:00 0HN3VEABU2BMB:00000001 [INF] Request starting "HTTP/1.1" "GET" "http"://"localhost:5263""""/swagger/index.html""" - null null (d509f86a)
2024-05-28T21:02:14.1319312-03:00 0HN3VEABU2BMB:00000001 [INF] Request finished "HTTP/1.1" "GET" "http"://"localhost:5263""""/swagger/index.html""" - 200 null "text/html;charset=utf-8" 311.2984ms (74253ad3)
2024-05-28T21:02:14.1377429-03:00 0HN3VEABU2BMB:00000002 [INF] Request starting "HTTP/1.1" "GET" "http"://"localhost:5263""""/_framework/aspnetcore-browser-refresh.js""" - null null (d509f86a)
2024-05-28T21:02:14.1420802-03:00 0HN3VEABU2BMB:00000002 [INF] Request finished "HTTP/1.1" "GET" "http"://"localhost:5263""""/_framework/aspnetcore-browser-refresh.js""" - 200 13746 "application/javascript; charset=utf-8" 5.1429ms (74253ad3)
2024-05-28T21:02:14.1558083-03:00 0HN3VEABU2BMB:00000003 [INF] Request starting "HTTP/1.1" "GET" "http"://"localhost:5263""""/_vs/browserLink""" - null null (d509f86a)
2024-05-28T21:02:14.1962643-03:00 0HN3VEABU2BMB:00000003 [INF] Request finished "HTTP/1.1" "GET" "http"://"localhost:5263""""/_vs/browserLink""" - 200 null "text/javascript; charset=UTF-8" 40.5201ms (74253ad3)
2024-05-28T21:02:14.2763354-03:00 0HN3VEABU2BMB:00000004 [INF] Request starting "HTTP/1.1" "GET" "http"://"localhost:5263""""/swagger/v1/swagger.json""" - null null (d509f86a)
2024-05-28T21:02:14.4125081-03:00 0HN3VEABU2BMB:00000004 [INF] Request finished "HTTP/1.1" "GET" "http"://"localhost:5263""""/swagger/v1/swagger.json""" - 200 null "application/json;charset=utf-8" 136.1783ms (74253ad3)
2024-05-28T21:07:55.0082366-03:00  [INF] Now listening on: "http://localhost:5263" (d826f4b8)
2024-05-28T21:07:55.0828460-03:00  [INF] Application started. Press Ctrl+C to shut down. (dcaefe54)
2024-05-28T21:07:55.0853213-03:00  [INF] Hosting environment: "Development" (bc5a1a4e)
2024-05-28T21:07:55.0875781-03:00  [INF] Content root path: "C:\Users\USER\source\repos\ApiTF\ApiTF" (cc26f24e)
2024-05-28T21:07:55.6996904-03:00 0HN3VEDHRMN87:00000001 [INF] Request starting "HTTP/1.1" "GET" "http"://"localhost:5263""""/swagger/index.html""" - null null (d509f86a)
2024-05-28T21:07:56.0692045-03:00 0HN3VEDHRMN87:00000001 [INF] Request finished "HTTP/1.1" "GET" "http"://"localhost:5263""""/swagger/index.html""" - 200 null "text/html;charset=utf-8" 404.8961ms (74253ad3)
2024-05-28T21:07:56.0977006-03:00 0HN3VEDHRMN87:00000002 [INF] Request starting "HTTP/1.1" "GET" "http"://"localhost:5263""""/_framework/aspnetcore-browser-refresh.js""" - null null (d509f86a)
2024-05-28T21:07:56.0977440-03:00 0HN3VEDHRMN86:00000001 [INF] Request starting "HTTP/1.1" "GET" "http"://"localhost:5263""""/_vs/browserLink""" - null null (d509f86a)
2024-05-28T21:07:56.1001897-03:00 0HN3VEDHRMN87:00000002 [INF] Request finished "HTTP/1.1" "GET" "http"://"localhost:5263""""/_framework/aspnetcore-browser-refresh.js""" - 200 13746 "application/javascript; charset=utf-8" 2.6293ms (74253ad3)
2024-05-28T21:07:56.1425670-03:00 0HN3VEDHRMN86:00000001 [INF] Request finished "HTTP/1.1" "GET" "http"://"localhost:5263""""/_vs/browserLink""" - 200 null "text/javascript; charset=UTF-8" 45.0112ms (74253ad3)
2024-05-28T21:07:56.1979440-03:00 0HN3VEDHRMN86:00000002 [INF] Request starting "HTTP/1.1" "GET" "http"://"localhost:5263""""/swagger/v1/swagger.json""" - null null (d509f86a)
2024-05-28T21:07:56.3456826-03:00 0HN3VEDHRMN86:00000002 [INF] Request finished "HTTP/1.1" "GET" "http"://"localhost:5263""""/swagger/v1/swagger.json""" - 200 null "application/json;charset=utf-8" 147.7327ms (74253ad3)
2024-05-28T21:08:06.9844586-03:00 0HN3VEDHRMN88:00000001 [INF] Request starting "HTTP/1.1" "GET" "http"://"localhost:5263""""/description/string""" - null null (d509f86a)
2024-05-28T21:08:06.9944955-03:00 0HN3VEDHRMN88:00000001 [INF] Executing endpoint '"ApiTF.Controllers.ProductController.GetByDescription (ApiTF)"' (500cc934)
2024-05-28T21:08:07.0204850-03:00 0HN3VEDHRMN88:00000001 [INF] Route matched with "{action = \"GetByDescription\", controller = \"Product\"}". Executing controller action with signature "Microsoft.AspNetCore.Mvc.ActionResult`1[ApiTF.BaseDados.Models.TbProduct] GetByDescription(System.String)" on controller "ApiTF.Controllers.ProductController" ("ApiTF"). (122b2fdf)
2024-05-28T21:08:08.7427421-03:00 0HN3VEDHRMN88:00000001 [INF] Executed DbCommand ("49"ms) [Parameters=["@__description_0='?'"], CommandType='Text', CommandTimeout='30']"
""SELECT t.id, t.barcode, t.barcodetype, t.costprice, t.description, t.price, t.stock
FROM tb_products AS t
WHERE t.description = @__description_0
LIMIT 1" (0723d8ff)
2024-05-28T21:08:08.8311518-03:00 0HN3VEDHRMN88:00000001 [INF] Executing "OkObjectResult", writing value of type '"ApiTF.BaseDados.Models.TbProduct"'. (605b4265)
2024-05-28T21:08:08.8572832-03:00 0HN3VEDHRMN88:00000001 [INF] Executed action "ApiTF.Controllers.ProductController.GetByDescription (ApiTF)" in 1830.0468ms (afa2e885)
2024-05-28T21:08:08.8574696-03:00 0HN3VEDHRMN88:00000001 [INF] Executed endpoint '"ApiTF.Controllers.ProductController.GetByDescription (ApiTF)"' (99874f2b)
2024-05-28T21:08:08.8672878-03:00 0HN3VEDHRMN88:00000001 [INF] Request finished "HTTP/1.1" "GET" "http"://"localhost:5263""""/description/string""" - 200 null "application/json; charset=utf-8" 1882.9151ms (74253ad3)
2024-05-28T21:42:31.8001263-03:00  [INF] Now listening on: "http://localhost:5263" (d826f4b8)
2024-05-28T21:42:31.8983423-03:00  [INF] Application started. Press Ctrl+C to shut down. (dcaefe54)
2024-05-28T21:42:31.9008445-03:00  [INF] Hosting environment: "Development" (bc5a1a4e)
2024-05-28T21:42:31.9032071-03:00  [INF] Content root path: "C:\Users\USER\source\repos\ApiTF\ApiTF" (cc26f24e)
2024-05-28T21:42:32.5771970-03:00 0HN3VF0SQ8URL:00000001 [INF] Request starting "HTTP/1.1" "GET" "http"://"localhost:5263""""/swagger/index.html""" - null null (d509f86a)
2024-05-28T21:42:32.9187372-03:00 0HN3VF0SQ8URL:00000001 [INF] Request finished "HTTP/1.1" "GET" "http"://"localhost:5263""""/swagger/index.html""" - 200 null "text/html;charset=utf-8" 344.4808ms (74253ad3)
2024-05-28T21:42:32.9457656-03:00 0HN3VF0SQ8URL:00000002 [INF] Request starting "HTTP/1.1" "GET" "http"://"localhost:5263""""/_framework/aspnetcore-browser-refresh.js""" - null null (d509f86a)
2024-05-28T21:42:32.9468020-03:00 0HN3VF0SQ8URK:00000001 [INF] Request starting "HTTP/1.1" "GET" "http"://"localhost:5263""""/_vs/browserLink""" - null null (d509f86a)
2024-05-28T21:42:32.9488792-03:00 0HN3VF0SQ8URL:00000002 [INF] Request finished "HTTP/1.1" "GET" "http"://"localhost:5263""""/_framework/aspnetcore-browser-refresh.js""" - 200 13746 "application/javascript; charset=utf-8" 3.3412ms (74253ad3)
2024-05-28T21:42:32.9898418-03:00 0HN3VF0SQ8URK:00000001 [INF] Request finished "HTTP/1.1" "GET" "http"://"localhost:5263""""/_vs/browserLink""" - 200 null "text/javascript; charset=UTF-8" 43.9387ms (74253ad3)
2024-05-28T21:42:33.0467485-03:00 0HN3VF0SQ8URK:00000002 [INF] Request starting "HTTP/1.1" "GET" "http"://"localhost:5263""""/swagger/v1/swagger.json""" - null null (d509f86a)
2024-05-28T21:42:33.1936982-03:00 0HN3VF0SQ8URK:00000002 [INF] Request finished "HTTP/1.1" "GET" "http"://"localhost:5263""""/swagger/v1/swagger.json""" - 200 null "application/json;charset=utf-8" 146.9031ms (74253ad3)
